7
21
28
40
48
55
55
79
98
102
104
115
123
123
136
152
156
164
179
183
188
191
202
202
218
252
255
258
275
287
288
291
306
310
311
316
329
334
344
351
357
363
365
373
379
381
387
404
418
419
427
433
438
439
440
447
447
465
494
498
498
508
508
527
578
579
589
589
593
594
600
603
633
634
655
663
677
682
688
694
735
754
755
806
808
809
816
826
830
840
848
858
858
863
864
875
879
880
908
918
919
920
921
926
935
947
952
965
968
969
969
976
978
978
980
1014
1023
1027
1036
1040
1076
1086
1086
1097
1106
1119
1119
1126
1148
1176
1200
1220
1228
1238
1239
1239
1240
1247
1255
1258
1275
1290
1291
1292
1303
1311
1319
1328
1334
1347
1366
1368
1375
1391
1392
1393
1403
1443
1451
1496
1500
1537
1541
1542
1550
1553
1556
1561
1570
1582
1586
1586
1594
1599
1627
1639
1645
1652
1666
1671
1685
1703
1714
1724
1725
1726
1762
1762
1762
1774
1781
1783
1791
1799
1807
1819
1846
1856
1857
1858
1875
1876
1898
1899
1903
1904
1911
1956
1959
1975
1977
1986
1994
1996
2004
2008
2036
2053
2054
2058
2067
2085
2090
2118
2143
2147
2160
2165
2170
2170
2199
2224
2247
2248
2262
2283
2290
2294
2312
2327
2329
2342
2403
2416
2424
2428
2428
2446
2470
2478
2497
2508
2516
2520
2529
2530
2533
2534
2551
2552
2554
2555
2559
2584
2584
2608
2608
2610
2624
2637
2652
2662
2667
2675
2691
2722
2728
2734
2753
2757
2764
2778
2793
2797
2813
2814
2821
2845
2849
2861
2864
2865
2869
2877
2888
2915
2916
2925
2930
2931
2940
2943
2969
2971
2978
2998
3002
3003
3005
3007
3036
3046
3060
3067
3071
3072
3077
3082
3088
3110
3120
3122
3125
3130
3135
3137
3142
3151
3152
3172
3184
3185
3202
3205
3221
3242
3246
3287
3299
3311
3319
3338
3340
3347
3352
3358
3360
3399
3414
3418
3421
3425
3439
3451
3459
3462
3469
3469
3469
3469
3471
3481
3484
3488
3501
3504
3507
3511
3531
3544
3566
3569
3591
3593
3606
3632
3643
3649
3665
3666
3675
3689
3694
3701
3733
3752
3762
3765
3772
3780
3783
3795
3808
3818
3828
3829
3844
3848
3861
3863
3863
3882
3902
3905
3924
3926
3943
3943
3948
3967
3972
3973
3991
3995
4001
4016
4024
4025
4037
4041
4042
4051
4057
4072
4103
4138
4141
4142
4169
4177
4183
4185
4203
4209
4212
4236
4238
4279
4281
4296
4301
4304
4312
4318
4328
4360
4390
4409
4413
4414
4432
4446
4449
4475
4476
4482
4486
4489
4490
4507
4513
4524
4524
4534
4535
4550
4557
4567
4571
4581
4585
4589
4597
4600
4601
4609
4622
4623
4633
4647
4652
4675
4676
4686
4692
4701
4709
4712
4715
4738
4740
4741
4743
4752
4768
4774
4784
4797
4800
4801
4810
4811
4817
4821
4832
4845
4870
4885
4902
4916
4938
4939
4942
4943
4958
4964
4985
4987
5012
5013
5050
5082
5089
5109
5114
5127
5160
5170
5181
5189
5196
5204
5254
5256
5258
5264
5286
5287
5298
5318
5325
5325
5355
5368
5380
5392
5393
5405
5454
5455
5456
5477
5479
5482
5496
5512
5531
5543
5561
5573
5594
5610
5611
5619
5645
5646
5649
5673
5707
5709
5721
5767
5780
5806
5825
5855
5874
5887
5898
5904
5921
5929
5943
5946
5952
5953
5955
5957
5964
5977
5982
5988
6011
6030
6063
6102
6102
6123
6124
6126
6129
6148
6177
6191
6194
6207
6211
6243
6263
6268
6272
6282
6282
6287
6307
6324
6349
6360
6366
6372
6386
6387
6390
6399
6416
6419
6427
6429
6450
6451
6471
6483
6488
6489
6510
6512
6544
6547
6547
6554
6591
6598
6598
6598
6617
6630
6648
6653
6653
6692
6694
6714
6715
6716
6718
6726
6749
6769
6778
6778
6789
6793
6795
6800
6805
6811
6848
6861
6885
6913
6925
6940
6942
6949
6960
6961
6985
7021
7035
7037
7042
7048
7053
7059
7067
7071
7080
7093
7096
7109
7112
7123
7132
7202
7222
7225
7236
7269
7276
7281
7282
7294
7295
7302
7304
7339
7344
7352
7357
7359
7365
7384
7385
7403
7431
7436
7442
7467
7468
7471
7473
7484
7491
7502
7506
7508
7515
7516
7519
7539
7543
7544
7562
7571
7574
7580
7588
7591
7593
7599
7602
7610
7620
7623
7628
7631
7662
7665
7667
7671
7697
7709
7718
7724
7725
7736
7738
7745
7748
7760
7761
7762
7763
7782
7806
7809
7820
7843
7852
7894
7901
7904
7908
7913
7923
7931
7946
7954
7967
7978
7983
8000
8004
8009
8010
8018
8026
8029
8038
8047
8059
8068
8075
8082
8102
8106
8107
8123
8148
8149
8151
8162
8172
8180
8181
8186
8187
8188
8188
8192
8197
8207
8216
8224
8225
8226
8230
8234
8263
8274
8292
8322
8356
8372
8376
8383
8391
8391
8408
8423
8437
8457
8470
8471
8475
8476
8477
8499
8510
8538
8541
8548
8549
8553
8560
8571
8574
8585
8600
8620
8622
8630
8634
8643
8675
8680
8695
8699
8704
8714
8715
8716
8720
8722
8724
8781
8784
8786
8813
8819
8833
8839
8842
8847
8856
8856
8857
8858
8883
8890
8893
8897
8903
8909
8939
8944
8945
8966
8970
8971
8999
9011
9014
9017
9028
9031
9045
9051
9069
9073
9088
9088
9096
9099
9105
9106
9114
9121
9129
9148
9173
9176
9182
9198
9204
9221
9225
9231
9233
9235
9240
9277
9280
9285
9287
9296
9300
9304
9312
9314
9322
9323
9329
9352
9365
9365
9370
9372
9375
9409
9423
9451
9457
9464
9469
9483
9485
9498
9517
9537
9544
9551
9553
9555
9578
9582
9584
9590
9594
9606
9619
9620
9625
9649
9653
9657
9660
9663
9663
9708
9726
9733
9748
9749
9757
9758
9763
9766
9776
9795
9825
9828
9829
9830
9844
9846
9847
9856
9859
9871
9889
9899
9938
9965
9966
9975
9979
9985
9995
9999