1
20
35
41
51
56
65
75
82
95
99
106
110
111
119
126
151
154
161
174
181
183
200
202
213
216
224
224
230
231
236
236
243
263
273
287
310
326
333
339
344
356
375
383
387
390
398
410
426
435
450
477
495
495
513
547
557
558
559
571
575
578
578
582
596
610
623
623
656
663
669
688
700
736
740
746
755
756
776
802
803
839
842
843
848
861
873
879
881
889
892
901
904
906
910
925
925
937
937
951
955
967
975
989
995
1000
1012
1035
1050
1057
1058
1066
1068
1071
1116
1118
1121
1130
1136
1138
1146
1147
1156
1169
1180
1184
1186
1204
1216
1243
1252
1257
1264
1287
1303
1311
1312
1315
1318
1330
1337
1355
1361
1374
1384
1386
1388
1394
1394
1404
1407
1415
1424
1425
1438
1441
1455
1460
1463
1465
1467
1468
1469
1475
1501
1504
1517
1517
1548
1550
1560
1568
1572
1599
1604
1610
1622
1638
1643
1648
1650
1665
1672
1675
1695
1720
1726
1733
1736
1743
1743
1771
1790
1792
1798
1812
1829
1832
1850
1860
1877
1885
1887
1897
1921
1929
1930
1932
1941
1956
1963
1979
1979
1980
1982
1990
2004
2013
2016
2032
2032
2063
2066
2082
2097
2101
2101
2105
2120
2125
2127
2146
2156
2162
2167
2171
2178
2183
2191
2221
2221
2222
2234
2238
2255
2271
2306
2316
2400
2427
2436
2441
2445
2456
2477
2485
2505
2512
2519
2563
2566
2568
2580
2582
2586
2591
2593
2593
2598
2603
2619
2627
2627
2636
2643
2656
2677
2691
2717
2725
2728
2729
2748
2773
2773
2776
2777
2778
2807
2808
2813
2833
2857
2864
2882
2885
2894
2896
2903
2918
2927
2969
2989
2995
3002
3015
3019
3033
3053
3074
3092
3096
3150
3161
3168
3196
3198
3200
3208
3228
3234
3239
3239
3268
3270
3292
3298
3301
3302
3303
3308
3311
3318
3331
3339
3346
3349
3371
3380
3383
3387
3395
3401
3404
3407
3408
3408
3414
3416
3432
3460
3465
3490
3494
3500
3502
3506
3509
3530
3534
3538
3553
3560
3562
3565
3578
3579
3580
3581
3586
3592
3601
3604
3609
3659
3659
3686
3687
3688
3693
3697
3727
3731
3748
3752
3757
3759
3761
3763
3781
3783
3783
3786
3789
3801
3816
3824
3836
3838
3851
3860
3877
3897
3936
3953
3953
3968
3970
4005
4017
4019
4023
4031
4035
4048
4059
4091
4098
4101
4106
4110
4125
4149
4158
4161
4168
4174
4177
4179
4198
4201
4207
4242
4255
4255
4264
4276
4285
4308
4314
4315
4326
4332
4342
4345
4351
4369
4371
4376
4377
4380
4387
4403
4408
4410
4410
4411
4415
4437
4440
4478
4484
4486
4504
4509
4517
4524
4540
4544
4547
4552
4567
4575
4579
4583
4585
4593
4610
4623
4624
4630
4633
4633
4650
4650
4663
4665
4669
4670
4675
4681
4681
4714
4719
4719
4741
4749
4777
4782
4787
4789
4789
4793
4810
4837
4848
4849
4851
4889
4892
4895
4898
4898
4907
4917
4921
4949
4980
5000
5002
5011
5017
5036
5057
5058
5098
5123
5134
5136
5145
5151
5153
5181
5202
5203
5207
5223
5226
5243
5248
5265
5289
5302
5306
5308
5319
5325
5331
5339
5351
5352
5362
5369
5404
5414
5430
5433
5452
5453
5475
5487
5492
5547
5566
5595
5619
5631
5642
5643
5648
5683
5696
5698
5722
5745
5752
5794
5795
5804
5810
5837
5852
5873
5876
5888
5890
5891
5893
5907
5913
5931
5940
5965
5982
5999
6005
6011
6020
6029
6037
6044
6045
6066
6077
6079
6096
6098
6111
6129
6133
6143
6148
6151
6169
6174
6177
6177
6188
6198
6209
6217
6229
6236
6241
6250
6258
6294
6308
6313
6319
6350
6351
6376
6391
6397
6443
6453
6453
6482
6486
6549
6553
6558
6558
6572
6602
6604
6613
6625
6640
6661
6680
6683
6687
6691
6713
6716
6735
6736
6763
6767
6792
6847
6848
6876
6880
6900
6904
6905
6907
6913
6924
6934
6946
6953
6954
6971
6975
6981
6981
6994
6999
7006
7007
7019
7027
7069
7072
7073
7088
7112
7112
7127
7130
7131
7131
7132
7139
7151
7158
7161
7162
7190
7191
7195
7204
7213
7227
7238
7240
7262
7265
7272
7275
7294
7295
7310
7316
7316
7328
7330
7339
7352
7355
7358
7364
7379
7380
7415
7422
7429
7445
7483
7489
7490
7490
7531
7565
7573
7608
7621
7643
7647
7653
7670
7676
7685
7690
7692
7694
7695
7725
7725
7732
7733
7744
7750
7761
7765
7765
7792
7794
7810
7815
7826
7844
7851
7863
7872
7889
7900
7933
7939
7940
7941
7942
7948
7959
7962
7963
7981
7984
7987
8015
8016
8020
8030
8041
8068
8087
8102
8103
8110
8119
8135
8139
8143
8156
8174
8184
8186
8187
8194
8210
8226
8228
8229
8248
8283
8284
8292
8324
8329
8347
8377
8381
8390
8394
8395
8401
8408
8409
8442
8461
8485
8502
8504
8508
8510
8515
8528
8585
8585
8589
8593
8597
8597
8605
8614
8620
8632
8634
8643
8657
8658
8668
8668
8675
8682
8699
8702
8713
8714
8725
8784
8803
8808
8808
8810
8816
8819
8823
8830
8830
8840
8858
8859
8863
8864
8868
8886
8896
8899
8921
8934
8939
8953
8977
8982
8987
8989
8990
9021
9022
9026
9035
9040
9042
9047
9049
9063
9080
9080
9095
9102
9106
9113
9117
9124
9128
9146
9168
9189
9194
9198
9212
9217
9255
9259
9260
9276
9297
9300
9305
9315
9328
9331
9334
9338
9378
9381
9413
9421
9428
9450
9452
9463
9487
9491
9500
9502
9508
9514
9516
9516
9531
9543
9564
9567
9572
9582
9583
9593
9596
9614
9658
9661
9668
9670
9671
9685
9687
9703
9705
9708
9717
9743
9753
9754
9783
9786
9794
9813
9818
9821
9852
9853
9857
9875
9882
9889
9901
9905
9914
9918
9933
9939
9948
9948
9957
9958
9969
9970
9989
9990
9993
10017
10020
10028
10038
10041
10052
10070
10073
10079
10083
10091
10111
10114
10116
10129
10133
10137
10149
10152
10153
10163
10169
10178
10187
10190
10202
10202
10213
10227
10244
10256
10274
10281
10282
10283
10287
10292
10293
10296
10302
10303
10309
10332
10337
10343
10366
10372
10375
10377
10387
10389
10397
10402
10412
10413
10421
10426
10451
10464
10467
10478
10482
10501
10510
10536
10548
10550
10552
10575
10585
10586
10588
10612
10624
10625
10632
10651
10675
10692
10711
10745
10749
10761
10770
10772
10777
10809
10809
10812
10825
10847
10912
10913
10919
10922
10931
10932
10955
10981
10987
11005
11011
11027
11041
11048
11075
11086
11097
11100
11101
11103
11112
11121
11130
11148
11151
11166
11198
11215
11221
11222
11225
11225
11232
11235
11235
11241
11265
11269
11270
11270
11290
11296
11312
11315
11322
11341
11343
11348
11350
11351
11358
11366
11381
11382
11383
11385
11410
11413
11429
11432
11432
11439
11441
11442
11473
11520
11521
11541
11551
11557
11578
11608
11632
11668
11669
11672
11680
11684
11713
11731
11733
11755
11762
11774
11783
11803
11812
11839
11850
11859
11860
11860
11861
11865
11870
11879
11885
11885
11899
11919
11970
11983
11996
11999
12012
12032
12047
12061
12064
12067
12075
12077
12078
12094
12100
12105
12107
12112
12115
12122
12122
12141
12142
12144
12174
12175
12184
12192
12202
12206
12209
12219
12236
12237
12258
12273
12280
12294
12294
12295
12302
12304
12308
12320
12333
12341
12342
12349
12359
12366
12367
12367
12381
12382
12387
12389
12391
12424
12430
12431
12440
12450
12475
12490
12495
12500
12530
12546
12549
12555
12558
12568
12573
12584
12585
12590
12597
12600
12628
12631
12677
12680
12682
12702
12711
12713
12740
12776
12780
12788
12791
12795
12799
12803
12807
12821
12826
12828
12829
12835
12842
12844
12853
12925
12935
12941
12956
12977
12985
13012
13019
13031
13033
13064
13082
13085
13087
13110
13128
13131
13136
13152
13161
13186
13198
13201
13204
13210
13214
13248
13255
13276
13277
13277
13278
13293
13306
13309
13309
13314
13320
13327
13335
13349
13369
13369
13382
13386
13394
13397
13397
13400
13411
13417
13419
13433
13442
13453
13458
13466
13480
13491
13508
13518
13539
13563
13579
13579
13581
13586
13594
13600
13625
13628
13633
13658
13660
13671
13684
13693
13694
13696
13712
13718
13745
13753
13760
13769
13776
13802
13814
13825
13827
13830
13863
13879
13886
13899
13902
13905
13906
13919
13924
13931
13935
13948
13950
13960
13964
13964
13977
13978
13994
13996
14000
14003
14009
14018
14022
14030
14041
14042
14048
14058
14063
14064
14075
14083
14110
14113
14117
14149
14186
14228
14281
14282
14301
14304
14307
14311
14337
14359
14362
14398
14413
14416
14425
14425
14427
14464
14472
14501
14523
14523
14529
14533
14551
14569
14571
14579
14589
14630
14642
14681
14691
14695
14735
14739
14740
14745
14746
14761
14765
14768
14770
14784
14786
14789
14795
14796
14807
14823
14824
14845
14848
14848
14871
14885
14887
14901
14906
14911
14924
14926
14926
14940
14982
14987
15001
15018
15022
15025
15029
15035
15057
15063
15109
15111
15112
15113
15123
15124
15125
15150
15151
15158
15161
15164
15174
15180
15182
15183
15191
15191
15199
15201
15223
15232
15255
15260
15265
15272
15283
15284
15337
15344
15364
15382
15394
15399
15402
15412
15414
15420
15442
15458
15476
15491
15499
15499
15541
15541
15548
15557
15574
15626
15628
15631
15665
15695
15704
15719
15725
15738
15759
15773
15793
15798
15862
15871
15871
15876
15902
15907
15929
15930
15934
15939
15943
15949
15967
15986
15993
16002
16025
16037
16040
16046
16049
16072
16086
16115
16132
16140
16141
16150
16150
16158
16168
16190
16220
16232
16232
16249
16253
16259
16284
16285
16293
16297
16303
16309
16327
16338
16353
16356
16365
16380
16384
16385
16408
16414
16424
16424
16439
16439
16446
16452
16452
16455
16460
16484
16488
16490
16522
16540
16541
16545
16553
16560
16567
16577
16583
16584
16603
16610
16615
16615
16624
16626
16665
16681
16699
16713
16730
16740
16746
16751
16751
16758
16760
16761
16766
16779
16794
16799
16803
16805
16808
16832
16839
16842
16847
16851
16851
16851
16857
16861
16861
16872
16905
16912
16927
16927
16930
16940
16948
16949
16956
16988
16994
16995
17004
17019
17047
17062
17065
17079
17080
17094
17097
17111
17115
17123
17129
17137
17144
17146
17162
17163
17190
17191
17202
17204
17211
17223
17227
17245
17251
17251
17257
17272
17273
17281
17291
17292
17322
17325
17340
17343
17354
17366
17371
17384
17389
17407
17449
17459
17460
17471
17474
17479
17495
17497
17507
17507
17508
17535
17536
17537
17537
17576
17581
17586
17590
17594
17609
17610
17611
17616
17625
17626
17631
17674
17695
17725
17726
17728
17737
17737
17739
17741
17741
17748
17774
17774
17778
17783
17788
17790
17791
17795
17812
17816
17819
17852
17861
17866
17867
17875
17898
17918
17939
17940
17978
17983
17984
17992
17993
18000
18001
18006
18007
18019
18019
18027
18027
18034
18058
18077
18088
18090
18092
18105
18119
18119
18124
18126
18145
18146
18146
18160
18164
18179
18187
18195
18197
18203
18216
18222
18246
18248
18256
18263
18284
18325
18326
18345
18364
18368
18379
18388
18395
18401
18420
18442
18461
18465
18471
18472
18473
18478
18487
18505
18523
18526
18527
18572
18582
18587
18595
18601
18606
18630
18633
18656
18673
18678
18699
18706
18708
18731
18731
18734
18750
18755
18757
18763
18768
18770
18772
18787
18792
18794
18802
18802
18823
18832
18838
18839
18845
18859
18866
18867
18868
18873
19000
19003
19011
19012
19018
19024
19028
19042
19048
19078
19083
19088
19093
19112
19128
19132
19148
19159
19163
19178
19181
19183
19193
19197
19203
19221
19223
19246
19262
19284
19286
19296
19311
19325
19326
19327
19335
19339
19340
19346
19368
19380
19387
19388
19395
19429
19453
19465
19487
19512
19515
19548
19549
19549
19554
19597
19628
19628
19644
19652
19657
19664
19665
19700
19705
19712
19712
19716
19717
19719
19723
19730
19802
19813
19823
19825
19840
19844
19856
19897
19900
19909
19923
19926
19932
19947
19962
19979
19979
19997
20001
20010
20019
20028
20037
20061
20069
20070
20082
20093
20094
20096
20101
20107
20109
20117
20117
20155
20178
20195
20219
20221
20223
20288
20292
20307
20311
20320
20325
20328
20333
20338
20349
20353
20359
20366
20366
20369
20401
20403
20404
20410
20426
20431
20444
20447
20451
20461
20470
20470
20474
20480
20496
20498
20503
20507
20519
20546
20548
20549
20552
20573
20575
20579
20611
20611
20612
20616
20636
20638
20662
20662
20668
20700
20708
20718
20747
20754
20758
20765
20776
20780
20781
20784
20790
20797
20799
20827
20841
20854
20854
20856
20861
20897
20930
20931
20931
20935
20952
20961
20974
20975
21001
21011
21022
21029
21032
21033
21040
21044
21053
21064
21068
21070
21071
21079
21080
21104
21107
21159
21162
21170
21186
21188
21235
21240
21264
21264
21267
21317
21324
21329
21341
21343
21351
21361
21373
21394
21394
21421
21430
21439
21442
21444
21460
21465
21504
21520
21523
21526
21538
21577
21578
21591
21612
21613
21631
21634
21640
21648
21678
21679
21682
21716
21722
21733
21740
21769
21775
21775
21789
21794
21796
21830
21841
21843
21865
21875
21883
21887
21889
21907
21908
21928
21941
21951
21967
21971
22008
22022
22035
22044
22051
22054
22065
22085
22094
22107
22107
22113
22121
22123
22125
22130
22158
22162
22165
22173
22187
22197
22203
22208
22210
22230
22231
22249
22257
22263
22265
22266
22267
22295
22313
22329
22342
22347
22349
22351
22351
22351
22357
22367
22376
22410
22413
22424
22483
22490
22495
22503
22503
22517
22520
22534
22543
22549
22557
22575
22609
22632
22640
22640
22646
22655
22657
22658
22659
22668
22675
22689
22692
22692
22706
22710
22714
22721
22745
22746
22747
22767
22779
22781
22782
22788
22805
22816
22819
22823
22835
22839
22840
22840
22848
22858
22862
22863
22867
22880
22885
22887
22898
22902
22932
22933
22950
22982
22995
22996
23021
23023
23066
23070
23117
23133
23143
23146
23154
23163
23166
23169
23177
23196
23207
23209
23230
23235
23253
23274
23285
23289
23296
23308
23320
23339
23344
23359
23364
23368
23387
23394
23407
23410
23448
23466
23467
23475
23476
23482
23522
23534
23534
23547
23548
23567
23587
23588
23597
23605
23605
23613
23639
23644
23647
23654
23654
23664
23686
23704
23711
23714
23715
23725
23758
23762
23779
23781
23789
23790
23791
23808
23810
23814
23822
23825
23825
23825
23826
23827
23842
23843
23861
23865
23878
23885
23895
23908
23910
23911
23936
23938
23940
23997
24002
24004
24027
24028
24031
24036
24037
24069
24073
24074
24074
24080
24091
24108
24115
24117
24119
24124
24127
24130
24131
24133
24134
24154
24160
24178
24184
24187
24192
24201
24206
24210
24221
24223
24227
24234
24245
24252
24254
24254
24264
24276
24281
24303
24309
24322
24339
24352
24356
24377
24397
24401
24428
24443
24451
24469
24471
24476
24478
24478
24496
24517
24517
24543
24551
24567
24577
24582
24608
24612
24625
24637
24659
24662
24664
24701
24733
24754
24771
24778
24780
24786
24793
24803
24814
24828
24843
24845
24855
24861
24869
24887
24898
24921
24942
24959
24966
24966
24983
24985
25035
25035
25038
25044
25048
25052
25053
25060
25063
25073
25079
25087
25106
25109
25136
25163
25172
25179
25201
25204
25221
25229
25240
25258
25263
25263
25264
25271
25292
25309
25316
25318
25347
25349
25354
25371
25383
25385
25410
25428
25430
25432
25432
25444
25449
25450
25451
25451
25470
25472
25480
25481
25491
25512
25512
25552
25565
25567
25569
25625
25636
25645
25646
25651
25679
25697
25716
25724
25724
25732
25734
25748
25760
25760
25760
25768
25783
25790
25790
25801
25805
25816
25822
25830
25830
25830
25834
25836
25839
25857
25865
25869
25885
25893
25899
25910
25927
25929
25933
25939
25943
25944
25950
25950
25973
26005
26006
26015
26029
26081
26083
26083
26092
26100
26129
26137
26140
26154
26157
26176
26176
26186
26189
26202
26215
26230
26242
26265
26282
26290
26292
26304
26310
26325
26326
26345
26358
26411
26436
26436
26437
26450
26453
26463
26464
26469
26476
26479
26494
26501
26506
26532
26565
26569
26601
26620
26623
26633
26642
26655
26664
26684
26690
26693
26732
26736
26764
26802
26803
26809
26830
26848
26852
26869
26872
26876
26894
26903
26923
26927
26943
26954
26954
26960
26964
26966
26989
26990
26995
27000
27024
27026
27031
27044
27054
27060
27065
27066
27069
27070
27075
27076
27090
27093
27098
27102
27120
27123
27125
27133
27142
27160
27161
27166
27167
27175
27177
27179
27199
27201
27202
27202
27212
27273
27279
27288
27301
27336
27344
27349
27365
27381
27395
27395
27397
27401
27405
27428
27450
27454
27461
27463
27477
27480
27493
27496
27498
27514
27517
27521
27523
27526
27540
27546
27547
27551
27556
27571
27580
27582
27584
27590
27595
27609
27614
27630
27633
27640
27652
27656
27666
27701
27707
27709
27710
27711
27717
27729
27730
27736
27740
27749
27754
27769
27785
27786
27788
27802
27813
27815
27841
27842
27863
27895
27899
27914
27916
27920
27959
27964
27969
27973
28001
28006
28017
28028
28034
28034
28046
28049
28057
28061
28066
28074
28086
28087
28089
28121
28121
28122
28124
28131
28135
28135
28146
28153
28170
28171
28173
28185
28204
28205
28209
28223
28236
28241
28273
28292
28309
28315
28332
28339
28353
28357
28375
28409
28428
28433
28437
28438
28462
28462
28471
28474
28474
28478
28482
28492
28500
28502
28516
28518
28551
28566
28575
28578
28590
28600
28621
28671
28679
28696
28733
28743
28760
28767
28781
28785
28789
28792
28802
28818
28845
28860
28868
28877
28879
28882
28893
28898
28914
28915
28929
28944
28957
28961
28965
28976
28981
28984
28985
28991
28991
28992
29003
29020
29033
29066
29067
29080
29085
29109
29110
29111
29125
29136
29149
29179
29186
29191
29195
29197
29229
29251
29256
29256
29320
29322
29328
29342
29354
29361
29375
29390
29393
29397
29397
29412
29462
29464
29469
29485
29493
29509
29518
29531
29535
29546
29565
29569
29610
29619
29623
29642
29643
29646
29649
29651
29655
29678
29690
29691
29706
29724
29726
29753
29756
29776
29780
29782
29784
29795
29796
29801
29825
29844
29852
29863
29873
29878
29893
29909
29916
29919
29934
29940
29940
29943
29944
29945
29960
29964
29972
29978
29979
29981
29983
30007
30011
30043
30044
30061
30062
30074
30101
30104
30106
30109
30124
30124
30137
30140
30146
30172
30186
30189
30205
30226
30228
30244
30266
30267
30285
30322
30322
30333
30341
30347
30349
30355
30377
30390
30398
30413
30431
30432
30449
30455
30456
30474
30477
30477
30483
30486
30489
30507
30510
30515
30559
30560
30570
30582
30583
30585
30590
30592
30606
30607
30607
30616
30620
30632
30664
30687
30688
30697
30718
30721
30721
30754
30763
30777
30787
30798
30807
30813
30826
30849
30858
30867
30869
30895
30896
30896
30898
30904
30906
30907
30914
30915
30915
30932
30958
30960
30974
30981
30989
30995
30999
31000
31004
31042
31052
31089
31091
31098
31099
31121
31131
31149
31162
31165
31172
31173
31196
31211
31225
31227
31239
31275
31281
31298
31312
31313
31314
31316
31326
31328
31399
31429
31430
31441
31457
31473
31508
31520
31551
31560
31560
31565
31570
31570
31572
31573
31578
31589
31596
31607
31610
31612
31613
31616
31644
31698
31708
31729
31787
31809
31812
31847
31863
31869
31890
31894
31906
31916
31933
31950
31952
31965
31993
31996
32007
32010
32011
32015
32026
32032
32039
32040
32044
32046
32072
32075
32086
32101
32105
32115
32123
32130
32177
32187
32196
32205
32220
32223
32233
32242
32251
32273
32279
32279
32281
32290
32291
32296
32306
32313
32321
32322
32361
32365
32365
32367
32368
32373
32438
32442
32450
32465
32494
32518
32522
32530
32535
32541
32543
32586
32591
32614
32652
32710
32717
32736
32754
32757
32769
32770
32773
32782
32785
32798
32799
32810
32813
32824
32832
32858
32867
32881
32887
32892
32893
32898
32901
32903
32903
32907
32909
32916
32919
32921
32922
32927
32929
32930
32936
32959
32964
32966
32969
32972
32972
32973
32980
32983
32992
32992
33011
33012
33012
33022
33032
33048
33066
33080
33124
33149
33153
33157
33172
33174
33179
33188
33215
33228
33241
33261
33269
33286
33303
33310
33325
33348
33354
33373
33377
33384
33389
33428
33429
33445
33446
33458
33470
33475
33478
33481
33487
33489
33494
33517
33522
33524
33532
33541
33579
33589
33591
33596
33597
33664
33679
33679
33680
33685
33686
33687
33688
33688
33695
33709
33709
33710
33719
33724
33739
33742
33751
33754
33780
33784
33793
33798
33856
33869
33881
33887
33887
33897
33899
33900
33904
33927
33951
33979
33981
34047
34050
34057
34059
34071
34072
34078
34081
34084
34097
34110
34118
34119
34120
34126
34128
34151
34152
34155
34164
34169
34182
34196
34204
34231
34259
34283
34284
34309
34311
34315
34321
34328
34332
34341
34347
34372
34374
34387
34412
34418
34432
34438
34454
34461
34468
34474
34478
34502
34529
34544
34550
34552
34566
34577
34585
34597
34597
34606
34614
34622
34635
34643
34662
34664
34667
34694
34696
34702
34710
34722
34724
34736
34766
34776
34787
34814
34827
34837
34840
34841
34859
34859
34860
34863
34881
34883
34930
34932
34932
34946
34946
34949
34949
34960
34962
34996
35008
35013
35024
35028
35030
35036
35041
35041
35049
35061
35083
35084
35100
35110
35115
35117
35129
35135
35166
35167
35168
35171
35173
35188
35188
35231
35234
35238
35239
35240
35246
35259
35266
35280
35289
35296
35308
35319
35329
35352
35365
35368
35419
35423
35431
35435
35446
35451
35483
35490
35492
35493
35494
35508
35510
35514
35514
35516
35525
35530
35534
35549
35556
35573
35575
35659
35662
35670
35680
35732
35732
35733
35742
35745
35751
35754
35758
35799
35802
35832
35835
35835
35851
35854
35870
35870
35873
35888
35946
35949
35955
35965
35968
35982
35986
35988
35989
35995
36009
36019
36022
36025
36029
36030
36041
36054
36062
36067
36082
36089
36095
36100
36101
36103
36108
36132
36133
36136
36149
36174
36178
36180
36184
36189
36199
36208
36214
36219
36227
36244
36270
36271
36287
36287
36292
36296
36315
36332
36335
36344
36346
36346
36348
36354
36362
36381
36390
36411
36412
36420
36424
36432
36432
36434
36451
36490
36500
36500
36501
36514
36542
36557
36558
36559
36569
36575
36584
36589
36592
36593
36599
36606
36615
36639
36643
36656
36662
36666
36667
36688
36692
36692
36693
36693
36699
36704
36704
36705
36707
36711
36712
36716
36730
36735
36737
36752
36752
36764
36805
36810
36825
36826
36831
36838
36848
36848
36849
36872
36887
36899
36909
36912
36927
36932
36945
36952
36963
36964
36973
36986
36992
37009
37015
37032
37055
37078
37087
37092
37098
37120
37131
37133
37137
37138
37149
37155
37159
37166
37175
37197
37199
37201
37206
37211
37211
37212
37213
37213
37227
37235
37240
37241
37244
37268
37276
37290
37311
37321
37341
37342
37348
37349
37355
37361
37385
37393
37426
37427
37429
37434
37440
37466
37469
37475
37483
37485
37508
37509
37512
37512
37512
37517
37518
37524
37528
37539
37555
37571
37573
37575
37579
37581
37590
37595
37599
37606
37614
37621
37631
37635
37692
37696
37710
37711
37728
37732
37763
37775
37776
37781
37805
37806
37806
37807
37808
37811
37836
37852
37853
37868
37872
37880
37901
37901
37920
37922
37938
37939
37941
37941
37967
37972
37981
37993
37995
37997
38001
38004
38004
38011
38012
38015
38018
38018
38033
38038
38042
38045
38051
38066
38068
38085
38118
38146
38149
38153
38153
38154
38159
38163
38166
38166
38167
38170
38184
38222
38226
38235
38238
38248
38263
38269
38270
38287
38302
38305
38306
38318
38322
38326
38338
38344
38349
38350
38358
38364
38397
38408
38412
38417
38420
38425
38431
38434
38439
38456
38476
38479
38489
38492
38505
38521
38532
38541
38542
38548
38562
38571
38607
38608
38610
38620
38624
38639
38640
38645
38653
38670
38682
38686
38690
38691
38706
38722
38727
38761
38763
38765
38768
38775
38781
38789
38791
38834
38835
38861
38871
38872
38876
38879
38906
38910
38912
38923
38924
38928
38943
38957
38962
38971
38973
39005
39009
39017
39018
39018
39031
39074
39076
39084
39084
39105
39112
39118
39130
39131
39140
39142
39153
39165
39168
39187
39192
39192
39193
39195
39196
39241
39247
39251
39272
39275
39286
39296
39300
39301
39305
39318
39331
39420
39426
39432
39438
39439
39450
39455
39456
39471
39477
39485
39497
39503
39505
39520
39520
39544
39552
39553
39564
39568
39575
39595
39596
39621
39627
39630
39660
39667
39668
39693
39699
39702
39703
39710
39710
39728
39731
39738
39747
39753
39781
39784
39818
39826
39840
39844
39854
39892
39913
39919
39933
39935
39939
39953
39954
39957
39959
39967
39976
39996
40029
40053
40062
40066
40069
40090
40119
40124
40126
40126
40151
40152
40152
40157
40185
40195
40196
40200
40237
40239
40241
40242
40244
40272
40276
40287
40289
40303
40304
40308
40315
40320
40334
40338
40340
40341
40341
40343
40347
40358
40361
40385
40392
40397
40423
40438
40444
40446
40448
40456
40457
40461
40461
40462
40480
40480
40484
40501
40535
40545
40550
40561
40582
40585
40586
40596
40600
40620
40631
40634
40656
40668
40675
40698
40699
40707
40710
40720
40722
40725
40731
40731
40732
40755
40761
40768
40769
40776
40778
40799
40808
40824
40827
40827
40828
40832
40845
40856
40879
40881
40892
40926
40935
40936
40974
40979
40984
40986
41018
41023
41027
41038
41058
41058
41078
41082
41093
41112
41116
41119
41140
41154
41178
41184
41189
41207
41237
41241
41252
41267
41274
41275
41276
41301
41304
41306
41309
41312
41315
41316
41331
41337
41347
41349
41377
41381
41387
41407
41409
41419
41446
41448
41468
41479
41493
41500
41520
41525
41528
41556
41560
41564
41574
41584
41586
41589
41595
41596
41611
41612
41613
41664
41686
41699
41714
41716
41726
41737
41746
41770
41782
41787
41792
41796
41812
41826
41829
41881
41887
41899
41911
41918
41918
41930
41934
41938
41970
41979
41984
41997
42008
42008
42017
42045
42049
42053
42060
42085
42087
42093
42110
42112
42113
42138
42144
42150
42163
42173
42182
42200
42204
42216
42233
42252
42253
42263
42270
42282
42290
42304
42319
42323
42351
42370
42371
42399
42404
42408
42416
42418
42434
42434
42436
42464
42466
42467
42490
42506
42508
42531
42537
42573
42576
42582
42596
42596
42599
42601
42614
42614
42617
42621
42631
42634
42649
42650
42655
42662
42671
42675
42678
42680
42688
42696
42697
42705
42710
42717
42723
42723
42762
42769
42773
42773
42778
42779
42779
42783
42786
42793
42808
42817
42818
42826
42842
42856
42860
42861
42868
42882
42890
42891
42891
42898
42904
42918
42920
42969
42971
42986
42999
43031
43037
43050
43069
43110
43111
43112
43117
43153
43173
43190
43196
43216
43217
43226
43229
43264
43265
43279
43283
43301
43310
43319
43326
43329
43336
43353
43363
43368
43384
43391
43400
43401
43410
43412
43424
43457
43465
43474
43502
43522
43524
43539
43551
43559
43562
43571
43573
43587
43603
43607
43612
43616
43617
43631
43645
43651
43680
43683
43704
43710
43711
43713
43737
43747
43747
43752
43772
43793
43799
43834
43846
43887
43890
43903
43909
43912
43914
43925
43930
43986
43993
44009
44011
44019
44021
44031
44039
44040
44043
44055
44068
44076
44077
44087
44094
44095
44097
44113
44116
44116
44116
44132
44134
44151
44158
44172
44173
44179
44207
44211
44263
44263
44267
44277
44284
44297
44299
44322
44331
44343
44351
44366
44380
44388
44406
44409
44434
44449
44456
44457
44463
44492
44497
44499
44520
44542
44548
44558
44564
44584
44593
44593
44606
44609
44614
44616
44616
44634
44639
44655
44657
44666
44672
44678
44692
44702
44711
44713
44714
44723
44724
44726
44731
44741
44750
44755
44789
44795
44810
44823
44832
44835
44835
44842
44843
44844
44850
44855
44865
44867
44900
44900
44917
44925
44946
44948
44969
44984
44985
44987
44990
44991
44994
45000
45000
45007
45020
45030
45035
45036
45063
45078
45087
45088
45097
45098
45102
45104
45116
45120
45122
45123
45131
45154
45160
45164
45166
45170
45183
45184
45184
45200
45206
45216
45245
45264
45274
45292
45307
45315
45322
45330
45345
45352
45366
45372
45373
45377
45379
45393
45401
45411
45412
45426
45429
45434
45434
45440
45441
45448
45465
45466
45484
45484
45491
45499
45503
45509
45514
45515
45519
45529
45541
45565
45602
45614
45624
45625
45628
45658
45667
45677
45678
45682
45682
45683
45700
45706
45707
45712
45729
45729
45753
45766
45790
45791
45802
45829
45833
45842
45847
45848
45851
45870
45880
45883
45896
45899
45901
45904
45909
45914
45938
45939
45952
45953
45974
45980
46000
46006
46012
46025
46028
46038
46038
46041
46048
46051
46053
46059
46061
46064
46071
46110
46120
46139
46155
46155
46167
46173
46173
46177
46191
46191
46202
46212
46215
46221
46222
46256
46257
46262
46265
46278
46283
46285
46290
46297
46306
46311
46344
46347
46347
46355
46362
46369
46371
46405
46406
46406
46407
46415
46416
46429
46471
46491
46504
46508
46534
46538
46565
46589
46592
46594
46607
46607
46634
46652
46664
46670
46710
46717
46746
46755
46776
46818
46832
46835
46847
46859
46864
46873
46878
46886
46910
46922
46957
46980
46984
46989
47004
47019
47022
47039
47040
47059
47063
47065
47078
47089
47116
47159
47169
47175
47200
47211
47220
47244
47265
47269
47272
47319
47330
47332
47337
47355
47358
47383
47384
47391
47392
47399
47415
47442
47449
47459
47462
47475
47481
47493
47496
47497
47501
47511
47511
47513
47523
47541
47606
47607
47619
47625
47649
47663
47670
47684
47698
47727
47729
47730
47766
47777
47794
47795
47805
47808
47845
47864
47893
47900
47904
47907
47912
47914
47920
47923
47932
47956
47970
47981
47989
47992
47996
47998
48008
48015
48021
48033
48049
48049
48072
48092
48104
48114
48122
48125
48135
48136
48171
48172
48175
48179
48181
48186
48220
48222
48223
48225
48227
48248
48250
48275
48279
48291
48297
48319
48333
48336
48341
48346
48354
48359
48359
48365
48366
48372
48385
48393
48399
48410
48416
48431
48462
48465
48466
48467
48470
48509
48539
48541
48559
48568
48586
48598
48613
48620
48630
48647
48653
48654
48656
48659
48672
48689
48691
48704
48725
48734
48752
48766
48800
48803
48810
48811
48827
48833
48863
48871
48880
48884
48888
48899
48901
48903
48921
48948
48969
48973
48983
48992
48995
49000
49001
49002
49015
49017
49031
49033
49035
49054
49057
49058
49064
49069
49071
49075
49079
49082
49091
49111
49120
49126
49132
49134
49146
49158
49171
49174
49181
49183
49194
49200
49204
49213
49215
49217
49223
49224
49228
49238
49241
49246
49257
49268
49274
49283
49286
49287
49290
49291
49308
49319
49325
49331
49332
49336
49339
49343
49354
49376
49391
49421
49434
49443
49455
49460
49469
49488
49490
49509
49514
49516
49518
49519
49524
49535
49542
49548
49564
49568
49571
49596
49603
49613
49613
49639
49648
49659
49669
49671
49680
49684
49696
49698
49703
49718
49731
49746
49755
49762
49774
49776
49788
49789
49794
49815
49823
49843
49844
49851
49869
49881
49892
49902
49906
49906
49910
49916
49950
49951
49959
49964
49966
50014
50021
50027
50037
50057
50063
50071
50078
50092
50106
50116
50118
50132
50173
50180
50181
50182
50196
50197
50200
50213
50221
50222
50260
50261
50264
50266
50280
50335
50338
50339
50363
50395
50397
50398
50408
50421
50425
50426
50426
50435
50467
50469
50470
50490
50493
50495
50498
50522
50538
50553
50557
50625
50627
50632
50666
50675
50684
50688
50698
50699
50738
50743
50750
50754
50772
50788
50802
50810
50821
50839
50843
50847
50851
50858
50872
50889
50889
50928
50929
50938
50939
50947
50964
50975
50982
50999
50999
51004
51024
51080
51081
51085
51088
51089
51090
51098
51101
51106
51121
51138
51155
51156
51179
51180
51190
51190
51191
51203
51221
51221
51241
51243
51248
51249
51271
51285
51299
51300
51324
51326
51343
51350
51360
51370
51384
51387
51394
51397
51398
51407
51428
51429
51432
51438
51441
51445
51459
51469
51476
51481
51488
51490
51507
51522
51537
51552
51558
51560
51561
51561
51567
51589
51591
51593
51595
51600
51608
51608
51610
51627
51630
51635
51638
51640
51683
51695
51697
51698
51701
51702
51703
51714
51718
51727
51730
51731
51740
51766
51775
51775
51781
51781
51805
51808
51818
51821
51831
51870
51870
51882
51898
51906
51910
51923
51929
51938
51940
51952
51960
51962
51962
51964
51985
51996
51998
52003
52006
52027
52029
52050
52065
52074
52081
52082
52087
52089
52107
52120
52134
52135
52139
52160
52165
52169
52192
52194
52237
52250
52251
52278
52284
52291
52298
52336
52375
52385
52399
52403
52429
52439
52442
52443
52462
52486
52490
52538
52540
52541
52544
52552
52560
52560
52591
52594
52606
52627
52656
52685
52695
52698
52698
52707
52729
52732
52737
52752
52764
52766
52775
52775
52777
52780
52799
52804
52806
52812
52816
52818
52821
52830
52840
52856
52858
52879
52884
52886
52895
52910
52922
52940
52947
52952
52952
52963
52979
52989
53000
53004
53016
53017
53019
53029
53045
53055
53067
53082
53092
53101
53114
53124
53127
53139
53172
53175
53181
53197
53203
53205
53205
53205
53210
53239
53245
53250
53273
53288
53294
53296
53298
53299
53344
53359
53374
53374
53402
53412
53433
53443
53444
53461
53477
53482
53503
53514
53517
53522
53541
53541
53545
53555
53576
53593
53593
53596
53626
53630
53631
53635
53641
53641
53652
53659
53665
53668
53676
53687
53697
53702
53710
53718
53720
53730
53731
53754
53757
53759
53770
53796
53807
53830
53830
53831
53841
53849
53856
53859
53864
53874
53879
53898
53915
53918
53919
53938
53940
53946
53962
53976
53995
54013
54025
54033
54049
54063
54064
54077
54082
54087
54090
54093
54116
54135
54150
54161
54162
54168
54183
54202
54208
54215
54216
54225
54234
54234
54235
54241
54272
54273
54279
54298
54307
54310
54316
54353
54362
54370
54370
54382
54393
54406
54408
54418
54423
54431
54439
54444
54462
54471
54484
54493
54497
54503
54504
54513
54521
54529
54550
54566
54574
54583
54585
54589
54594
54599
54600
54612
54616
54637
54644
54655
54658
54659
54661
54662
54662
54666
54708
54715
54722
54728
54771
54774
54785
54799
54811
54831
54849
54855
54861
54869
54879
54881
54888
54891
54894
54901
54905
54914
54916
54943
54943
54951
54977
54979
54992
55029
55036
55039
55040
55051
55057
55059
55083
55088
55091
55094
55097
55098
55099
55105
55107
55111
55116
55132
55139
55139
55141
55144
55162
55167
55169
55176
55179
55195
55195
55200
55203
55227
55232
55233
55236
55236
55253
55254
55254
55271
55283
55284
55299
55308
55320
55348
55350
55373
55377
55390
55402
55410
55412
55419
55436
55437
55443
55447
55474
55487
55504
55505
55505
55507
55512
55512
55516
55516
55525
55533
55534
55542
55550
55555
55556
55556
55564
55568
55569
55593
55604
55624
55633
55686
55690
55694
55695
55713
55731
55738
55747
55755
55757
55770
55777
55782
55787
55791
55796
55804
55804
55819
55822
55831
55843
55844
55850
55895
55898
55901
55925
55927
55927
55948
55951
55969
55977
55992
55996
55999
56001
56007
56009
56015
56026
56043
56047
56052
56063
56090
56091
56097
56097
56098
56105
56110
56132
56137
56157
56160
56169
56169
56181
56189
56213
56216
56224
56230
56233
56270
56270
56275
56276
56280
56281
56284
56292
56295
56298
56308
56315
56360
56371
56380
56387
56402
56406
56424
56424
56428
56437
56446
56451
56452
56476
56482
56490
56492
56518
56523
56535
56538
56545
56546
56551
56566
56568
56585
56592
56602
56639
56645
56656
56707
56717
56724
56749
56756
56769
56770
56812
56818
56829
56835
56858
56872
56890
56900
56905
56906
56925
56927
56930
56936
56939
56940
56955
56972
56986
56989
56991
57000
57003
57008
57037
57049
57053
57056
57069
57094
57095
57115
57146
57147
57157
57162
57165
57176
57191
57204
57207
57212
57227
57236
57240
57241
57250
57253
57296
57301
57306
57309
57316
57317
57321
57326
57340
57391
57391
57400
57423
57428
57428
57434
57445
57447
57457
57459
57484
57485
57500
57501
57521
57534
57540
57546
57548
57565
57568
57570
57581
57603
57626
57626
57651
57657
57665
57668
57671
57680
57684
57695
57697
57699
57699
57708
57728
57740
57784
57784
57787
57792
57800
57805
57805
57832
57833
57837
57845
57856
57861
57866
57869
57871
57906
57908
57917
57922
57923
57961
57963
57973
57981
57990
57990
58023
58037
58042
58066
58071
58098
58115
58116
58122
58124
58136
58137
58142
58184
58227
58229
58248
58251
58275
58275
58277
58279
58297
58308
58311
58333
58355
58361
58362
58365
58371
58374
58383
58394
58400
58409
58417
58423
58446
58447
58450
58456
58460
58468
58473
58479
58480
58495
58502
58512
58515
58530
58548
58550
58555
58561
58565
58574
58578
58579
58587
58591
58598
58599
58612
58613
58649
58655
58689
58692
58704
58727
58728
58735
58747
58752
58770
58775
58779
58787
58801
58806
58807
58808
58811
58822
58824
58839
58847
58874
58893
58948
58955
58980
58981
59001
59006
59007
59018
59027
59031
59032
59050
59057
59062
59079
59116
59119
59133
59143
59160
59163
59174
59196
59208
59217
59223
59229
59280
59285
59287
59293
59304
59323
59325
59342
59343
59347
59365
59365
59381
59391
59400
59418
59428
59435
59450
59450
59459
59461
59477
59482
59483
59491
59521
59543
59545
59566
59570
59571
59579
59606
59609
59617
59620
59622
59624
59626
59627
59635
59650
59672
59685
59696
59702
59708
59709
59719
59733
59742
59746
59748
59765
59770
59804
59822
59822
59824
59835
59839
59867
59868
59888
59895
59906
59952
59953
59953
59961
60003
60010
60016
60021
60023
60044
60062
60083
60091
60111
60112
60114
60116
60127
60128
60137
60141
60146
60149
60151
60180
60182
60189
60207
60214
60243
60250
60266
60266
60273
60279
60286
60292
60296
60304
60308
60310
60313
60339
60341
60341
60351
60355
60368
60383
60388
60393
60404
60407
60436
60457
60468
60470
60473
60473
60510
60512
60523
60529
60535
60538
60548
60571
60574
60579
60635
60684
60686
60696
60727
60736
60748
60765
60772
60784
60787
60788
60792
60795
60811
60818
60834
60858
60866
60868
60879
60901
60905
60938
60938
60943
61012
61025
61028
61038
61040
61043
61061
61063
61066
61101
61109
61109
61110
61117
61135
61139
61158
61178
61182
61186
61189
61206
61223
61231
61233
61240
61246
61253
61262
61267
61267
61281
61299
61305
61309
61319
61321
61322
61343
61347
61349
61352
61357
61367
61374
61384
61387
61389
61406
61419
61429
61451
61460
61462
61482
61494
61507
61559
61586
61608
61611
61631
61644
61646
61653
61655
61660
61662
61707
61725
61728
61747
61751
61766
61783
61784
61805
61811
61820
61824
61831
61831
61838
61839
61843
61852
61865
61868
61882
61883
61893
61900
61904
61908
61909
61918
61945
61947
61966
61968
61973
61973
61979
61996
62001
62008
62016
62020
62029
62032
62038
62069
62071
62075
62084
62099
62105
62110
62119
62123
62128
62134
62205
62208
62219
62222
62247
62256
62271
62288
62288
62289
62295
62297
62304
62326
62333
62334
62341
62361
62372
62388
62405
62407
62414
62415
62422
62429
62443
62451
62463
62498
62528
62528
62531
62532
62535
62541
62545
62550
62558
62567
62580
62596
62598
62621
62623
62645
62648
62656
62659
62662
62676
62683
62699
62715
62716
62757
62760
62765
62769
62772
62791
62817
62831
62846
62872
62875
62919
62919
62931
62943
62976
62981
62992
62996
62996
63016
63016
63030
63043
63044
63053
63065
63069
63069
63096
63099
63102
63105
63114
63127
63145
63168
63177
63200
63201
63218
63230
63250
63255
63275
63279
63304
63317
63343
63344
63346
63348
63418
63419
63420
63426
63443
63458
63468
63482
63482
63490
63495
63499
63507
63527
63537
63543
63555
63572
63584
63589
63608
63613
63614
63651
63651
63653
63654
63664
63686
63708
63711
63714
63727
63739
63756
63757
63765
63765
63773
63803
63814
63815
63821
63850
63867
63870
63885
63904
63906
63912
63918
63921
63937
63947
63951
63954
63965
63974
63979
63994
63997
63998
64037
64042
64067
64083
64084
64086
64086
64096
64097
64097
64102
64110
64123
64125
64160
64161
64163
64176
64183
64186
64187
64190
64201
64231
64231
64243
64243
64248
64257
64260
64262
64269
64282
64286
64307
64311
64336
64339
64355
64358
64390
64401
64403
64417
64429
64473
64475
64482
64495
64501
64501
64549
64557
64560
64567
64574
64582
64601
64616
64619
64629
64638
64657
64677
64678
64678
64685
64723
64741
64752
64754
64763
64770
64789
64793
64797
64809
64811
64818
64835
64839
64845
64861
64862
64864
64865
64874
64881
64886
64908
64928
64955
64958
64965
64980
64990
64993
65014
65017
65030
65047
65049
65049
65053
65063
65093
65099
65099
65121
65123
65174
65195
65208
65218
65222
65222
65227
65228
65236
65251
65279
65284
65286
65286
65287
65303
65310
65330
65335
65341
65350
65370
65373
65376
65382
65383
65388
65392
65417
65421
65433
65446
65464
65474
65475
65502
65518
65534
65538
65553
65554
65556
65582
65584
65591
65592
65602
65624
65652
65658
65658
65660
65660
65663
65675
65678
65685
65687
65692
65710
65719
65725
65728
65732
65735
65755
65760
65804
65811
65812
65821
65826
65847
65848
65869
65870
65875
65875
65879
65887
65891
65893
65902
65918
65924
65953
65955
65958
65968
65970
65973
65977
65995
65997
65999
66001
66009
66012
66033
66034
66048
66061
66064
66092
66111
66114
66125
66126
66134
66143
66144
66147
66151
66154
66179
66186
66197
66226
66245
66247
66262
66264
66301
66303
66307
66325
66332
66339
66341
66350
66356
66359
66378
66383
66391
66415
66417
66420
66421
66429
66465
66470
66492
66504
66515
66517
66528
66542
66544
66544
66555
66564
66585
66599
66601
66606
66611
66614
66617
66638
66663
66669
66681
66697
66698
66704
66706
66717
66718
66722
66727
66745
66748
66753
66754
66760
66770
66784
66805
66817
66822
66826
66832
66838
66868
66894
66896
66899
66900
66914
66918
66949
66953
66958
66995
67003
67006
67017
67029
67037
67053
67056
67069
67069
67097
67110
67125
67134
67136
67138
67140
67142
67145
67146
67158
67173
67180
67186
67194
67216
67224
67229
67231
67232
67233
67235
67235
67259
67291
67294
67320
67323
67337
67339
67343
67350
67361
67362
67372
67373
67376
67378
67398
67410
67413
67445
67449
67459
67483
67495
67506
67511
67517
67518
67529
67539
67553
67605
67618
67620
67625
67631
67642
67643
67655
67662
67663
67676
67697
67722
67726
67733
67751
67754
67767
67772
67773
67776
67778
67803
67807
67825
67848
67851
67856
67862
67871
67881
67886
67891
67897
67900
67904
67916
67932
67938
67967
67967
67975
67982
67983
67990
68027
68027
68032
68036
68044
68050
68063
68064
68070
68072
68075
68075
68078
68082
68082
68085
68091
68093
68105
68119
68119
68120
68124
68124
68125
68132
68136
68163
68176
68206
68216
68228
68236
68242
68246
68249
68255
68257
68290
68341
68346
68346
68347
68362
68365
68372
68386
68399
68410
68462
68478
68481
68484
68487
68493
68495
68501
68507
68515
68518
68519
68526
68527
68536
68541
68545
68550
68556
68559
68569
68579
68592
68597
68609
68618
68635
68639
68646
68647
68656
68677
68681
68681
68684
68688
68689
68691
68693
68697
68709
68713
68724
68737
68737
68747
68775
68781
68794
68807
68811
68821
68825
68825
68845
68853
68889
68889
68900
68907
68911
68916
68920
68921
68997
69006
69008
69035
69059
69060
69066
69076
69083
69097
69105
69135
69155
69161
69171
69174
69178
69196
69205
69216
69217
69231
69249
69250
69273
69279
69291
69292
69302
69310
69373
69386
69390
69395
69401
69411
69449
69450
69451
69464
69478
69481
69496
69497
69523
69547
69563
69592
69595
69597
69613
69625
69640
69642
69660
69664
69666
69667
69669
69685
69692
69705
69718
69725
69746
69791
69803
69804
69821
69830
69840
69841
69850
69851
69870
69874
69888
69896
69929
69931
69959
69972
69975
69976
69987
69989
69996
70025
70032
70054
70077
70084
70086
70091
70106
70118
70123
70127
70134
70137
70142
70146
70148
70151
70159
70166
70174
70184
70186
70211
70224
70230
70236
70238
70255
70277
70309
70325
70349
70350
70355
70358
70405
70410
70420
70426
70426
70431
70454
70473
70477
70487
70491
70497
70506
70510
70524
70543
70568
70572
70588
70590
70594
70596
70630
70647
70658
70659
70661
70673
70677
70679
70682
70685
70685
70707
70711
70746
70750
70767
70784
70785
70793
70807
70822
70825
70827
70839
70839
70841
70861
70861
70872
70894
70899
70901
70904
70911
70917
70917
70939
70943
70945
70959
70963
70967
70968
70982
70997
70999
71001
71016
71048
71055
71056
71059
71060
71069
71073
71098
71117
71119
71147
71178
71198
71207
71216
71218
71232
71243
71269
71274
71276
71278
71282
71290
71297
71301
71320
71364
71435
71437
71455
71465
71482
71483
71485
71497
71505
71507
71512
71526
71528
71532
71537
71539
71544
71582
71596
71618
71629
71635
71647
71657
71660
71687
71700
71724
71724
71731
71734
71751
71765
71766
71768
71783
71788
71792
71793
71796
71800
71803
71806
71809
71814
71815
71819
71820
71825
71837
71875
71881
71888
71894
71916
71927
71959
71963
71971
71988
72010
72015
72016
72029
72037
72038
72043
72043
72053
72058
72059
72084
72093
72121
72136
72140
72141
72152
72162
72169
72169
72174
72185
72240
72251
72254
72261
72295
72295
72300
72301
72307
72308
72322
72330
72340
72353
72358
72360
72368
72373
72374
72375
72381
72387
72393
72396
72405
72405
72406
72416
72429
72429
72433
72440
72455
72460
72461
72470
72479
72508
72541
72547
72548
72558
72562
72571
72584
72593
72598
72602
72603
72604
72615
72631
72634
72647
72670
72674
72681
72687
72696
72698
72709
72720
72727
72740
72748
72838
72842
72854
72856
72864
72867
72876
72892
72895
72902
72915
72933
72941
72941
72943
72949
72951
72968
72989
73035
73041
73043
73052
73063
73070
73099
73119
73129
73131
73133
73141
73141
73146
73160
73175
73185
73186
73190
73229
73258
73262
73264
73280
73289
73313
73318
73319
73321
73350
73351
73389
73397
73399
73402
73443
73465
73470
73479
73484
73490
73506
73509
73525
73527
73529
73535
73535
73545
73547
73553
73555
73562
73573
73575
73587
73594
73602
73605
73626
73632
73641
73642
73643
73656
73670
73687
73702
73703
73705
73716
73723
73740
73760
73789
73792
73793
73800
73801
73806
73806
73811
73858
73862
73869
73895
73908
73914
73920
73929
73939
73942
73944
73985
73988
73990
73997
74006
74007
74013
74013
74015
74025
74026
74031
74034
74071
74081
74083
74086
74090
74096
74096
74118
74124
74129
74132
74144
74162
74212
74221
74228
74231
74235
74237
74239
74242
74256
74262
74271
74274
74276
74286
74288
74301
74302
74310
74314
74328
74339
74343
74377
74391
74405
74415
74418
74443
74450
74452
74468
74508
74517
74518
74522
74530
74531
74531
74536
74553
74566
74568
74587
74589
74611
74620
74638
74648
74656
74657
74665
74667
74702
74706
74718
74731
74733
74736
74737
74739
74744
74789
74791
74834
74846
74849
74860
74872
74884
74885
74894
74907
74932
74934
74945
74972
74982
74984
74986
74991
75007
75013
75061
75069
75070
75071
75075
75076
75082
75087
75104
75104
75107
75127
75132
75134
75147
75158
75161
75172
75173
75182
75191
75206
75211
75215
75218
75237
75238
75239
75257
75273
75274
75289
75296
75299
75313
75339
75348
75348
75350
75360
75366
75372
75379
75381
75386
75398
75429
75431
75460
75474
75483
75489
75493
75500
75512
75514
75520
75549
75577
75588
75598
75609
75636
75651
75658
75658
75674
75694
75697
75724
75746
75754
75756
75762
75763
75774
75775
75778
75782
75789
75799
75822
75832
75833
75854
75867
75868
75878
75878
75880
75891
75899
75909
75919
75919
75937
75944
75949
75953
75966
75966
75977
75989
76000
76021
76031
76035
76041
76061
76062
76063
76075
76078
76113
76131
76133
76138
76183
76186
76194
76196
76197
76206
76209
76236
76239
76242
76245
76247
76257
76260
76261
76274
76280
76284
76321
76355
76365
76380
76387
76392
76392
76402
76403
76430
76432
76437
76445
76454
76467
76468
76470
76480
76499
76500
76512
76536
76549
76560
76563
76566
76572
76584
76625
76634
76653
76660
76664
76685
76690
76695
76701
76710
76712
76726
76735
76735
76745
76753
76758
76767
76782
76788
76801
76816
76828
76861
76863
76870
76909
76956
76969
77001
77002
77006
77013
77028
77044
77047
77053
77074
77083
77111
77125
77125
77129
77131
77132
77134
77143
77148
77155
77191
77200
77204
77212
77233
77238
77284
77286
77289
77304
77305
77316
77321
77326
77352
77370
77374
77393
77397
77404
77406
77417
77446
77448
77454
77460
77473
77481
77489
77500
77504
77507
77515
77532
77533
77540
77545
77552
77559
77573
77574
77594
77600
77603
77612
77628
77662
77673
77675
77677
77678
77695
77707
77719
77721
77729
77748
77772
77772
77775
77786
77797
77809
77825
77825
77826
77837
77864
77874
77901
77906
77912
77916
77928
77949
77951
77981
77987
78001
78015
78016
78026
78030
78041
78050
78050
78053
78059
78062
78069
78078
78097
78098
78106
78123
78130
78134
78146
78193
78193
78203
78216
78233
78236
78236
78259
78263
78290
78297
78305
78333
78339
78355
78359
78363
78406
78409
78423
78428
78436
78447
78456
78502
78508
78517
78520
78521
78547
78578
78583
78585
78594
78618
78621
78624
78625
78630
78631
78633
78650
78654
78655
78660
78683
78702
78740
78764
78789
78819
78851
78853
78856
78856
78868
78897
78902
78929
78935
78947
78949
78953
78953
78958
78994
79007
79014
79039
79072
79072
79088
79101
79101
79114
79116
79122
79125
79130
79133
79135
79143
79154
79158
79158
79159
79198
79202
79209
79211
79211
79217
79254
79254
79258
79263
79276
79280
79287
79294
79312
79330
79330
79355
79355
79366
79369
79375
79401
79402
79410
79418
79436
79448
79450
79455
79456
79462
79485
79498
79506
79518
79525
79543
79564
79571
79572
79584
79595
79598
79609
79612
79642
79642
79648
79649
79661
79670
79673
79674
79679
79683
79688
79698
79702
79727
79752
79764
79767
79789
79815
79820
79824
79832
79841
79857
79857
79877
79883
79885
79890
79901
79902
79906
79912
79925
79936
79939
79939
79942
79959
79969
79972
79975
79980
79993
80003
80015
80033
80045
80056
80070
80077
80086
80092
80101
80105
80130
80133
80155
80179
80186
80187
80188
80199
80202
80213
80217
80229
80246
80253
80281
80281
80283
80284
80288
80298
80301
80308
80331
80335
80360
80378
80410
80417
80417
80419
80421
80467
80467
80486
80491
80497
80504
80510
80528
80531
80541
80551
80562
80585
80588
80610
80627
80630
80635
80654
80664
80664
80667
80679
80680
80681
80685
80701
80704
80708
80711
80730
80732
80737
80750
80756
80760
80770
80777
80782
80782
80796
80798
80823
80824
80830
80834
80836
80838
80846
80861
80863
80885
80907
80940
80946
80947
80949
80951
80954
80970
80990
80997
81020
81022
81063
81120
81141
81143
81159
81177
81182
81183
81190
81194
81194
81222
81230
81249
81250
81260
81274
81280
81284
81308
81327
81327
81337
81343
81361
81397
81400
81423
81426
81467
81477
81497
81502
81504
81509
81523
81523
81527
81528
81529
81533
81556
81574
81580
81617
81618
81628
81631
81637
81653
81658
81671
81686
81688
81691
81706
81719
81723
81744
81751
81752
81790
81793
81796
81807
81807
81809
81809
81852
81868
81870
81885
81904
81909
81909
81927
81929
81969
81982
81990
82010
82019
82022
82035
82046
82046
82046
82053
82062
82066
82078
82083
82093
82104
82107
82116
82138
82139
82145
82148
82156
82173
82173
82176
82178
82188
82215
82232
82263
82272
82282
82291
82332
82360
82381
82387
82388
82394
82408
82417
82419
82432
82438
82439
82451
82455
82486
82486
82506
82510
82516
82524
82529
82529
82529
82546
82565
82567
82571
82575
82596
82601
82612
82617
82639
82642
82644
82644
82659
82668
82687
82701
82703
82741
82755
82756
82757
82768
82780
82781
82799
82799
82807
82816
82832
82835
82842
82843
82843
82855
82863
82867
82870
82874
82879
82885
82887
82890
82908
82930
82933
82933
82945
82950
82953
82954
82997
83015
83020
83022
83025
83029
83031
83036
83055
83074
83075
83075
83095
83101
83119
83121
83123
83179
83189
83202
83215
83215
83216
83217
83236
83246
83252
83263
83281
83297
83302
83303
83320
83323
83325
83353
83370
83388
83392
83407
83408
83414
83416
83421
83436
83447
83460
83463
83487
83519
83525
83542
83557
83574
83578
83578
83578
83621
83626
83647
83675
83675
83690
83692
83698
83702
83705
83724
83727
83751
83789
83803
83829
83872
83873
83921
83921
83947
83952
83970
83972
83977
83989
83995
84012
84034
84044
84066
84067
84069
84083
84089
84093
84098
84099
84100
84118
84126
84128
84131
84136
84143
84156
84160
84167
84169
84195
84196
84198
84211
84215
84219
84222
84224
84238
84257
84259
84264
84271
84274
84281
84287
84289
84295
84303
84304
84308
84308
84326
84333
84337
84338
84340
84358
84358
84363
84382
84390
84400
84404
84413
84417
84417
84417
84421
84424
84429
84440
84448
84462
84483
84493
84498
84512
84542
84544
84549
84566
84567
84581
84582
84601
84602
84610
84610
84611
84611
84614
84616
84625
84625
84626
84640
84657
84659
84671
84675
84680
84694
84706
84766
84767
84776
84780
84783
84783
84803
84817
84824
84835
84839
84842
84844
84844
84846
84864
84871
84886
84899
84935
84945
84946
84959
84976
84994
85006
85007
85014
85030
85035
85038
85051
85052
85053
85068
85075
85082
85082
85106
85107
85120
85138
85144
85146
85149
85168
85175
85197
85209
85223
85252
85254
85259
85268
85279
85283
85295
85327
85337
85342
85347
85365
85368
85402
85410
85430
85434
85456
85467
85488
85528
85534
85534
85541
85545
85558
85561
85576
85577
85595
85599
85620
85650
85668
85688
85709
85709
85712
85720
85723
85745
85755
85772
85807
85817
85828
85840
85840
85844
85855
85855
85860
85865
85878
85883
85901
85917
85918
85925
85935
85945
85948
85965
85970
85971
85973
85975
85988
85988
85995
85996
86000
86001
86009
86009
86023
86037
86044
86049
86058
86077
86080
86107
86119
86127
86158
86160
86169
86170
86176
86194
86194
86213
86214
86219
86231
86261
86262
86273
86280
86283
86287
86295
86298
86298
86299
86306
86330
86331
86338
86348
86353
86378
86379
86384
86387
86389
86407
86412
86424
86426
86433
86434
86452
86461
86465
86470
86495
86502
86514
86522
86524
86548
86551
86557
86566
86587
86596
86599
86603
86615
86638
86647
86653
86663
86685
86692
86695
86699
86702
86711
86712
86724
86763
86764
86765
86765
86788
86790
86791
86796
86800
86802
86808
86817
86819
86825
86835
86848
86873
86873
86877
86881
86887
86909
86916
86917
86927
86928
86929
86932
86932
86934
86945
86957
86958
86987
87020
87034
87036
87044
87077
87083
87088
87108
87113
87124
87139
87147
87157
87173
87174
87176
87180
87181
87190
87203
87203
87211
87216
87219
87220
87221
87229
87257
87259
87261
87270
87275
87278
87282
87284
87285
87290
87290
87308
87321
87327
87329
87334
87334
87342
87352
87357
87385
87393
87402
87405
87410
87413
87415
87426
87431
87438
87447
87459
87465
87471
87472
87481
87486
87489
87500
87501
87517
87533
87542
87550
87550
87557
87564
87565
87567
87567
87572
87587
87615
87652
87661
87662
87684
87687
87688
87691
87701
87717
87722
87727
87738
87745
87757
87776
87781
87797
87800
87808
87817
87821
87847
87847
87851
87854
87855
87874
87883
87883
87890
87890
87900
87901
87922
87928
87931
87935
87945
87951
87956
87982
87987
87997
88004
88019
88037
88041
88050
88064
88069
88099
88111
88128
88139
88143
88145
88155
88159
88161
88172
88173
88186
88187
88187
88192
88196
88199
88203
88207
88214
88229
88240
88256
88259
88296
88297
88305
88311
88312
88315
88331
88339
88356
88362
88378
88380
88397
88407
88414
88420
88426
88455
88458
88458
88465
88466
88479
88482
88551
88557
88561
88565
88568
88571
88571
88604
88609
88614
88615
88626
88632
88647
88649
88680
88691
88691
88734
88737
88739
88750
88753
88759
88759
88780
88787
88789
88807
88808
88810
88821
88835
88844
88877
88882
88883
88885
88887
88899
88899
88915
88918
88950
88951
88965
88967
88969
88971
88973
88985
89010
89024
89031
89037
89043
89043
89044
89047
89064
89081
89088
89133
89133
89140
89165
89174
89189
89219
89235
89242
89254
89256
89268
89295
89303
89307
89318
89342
89348
89355
89358
89367
89367
89373
89377
89389
89395
89395
89396
89401
89405
89409
89486
89491
89505
89538
89541
89546
89553
89561
89566
89568
89570
89581
89589
89610
89619
89635
89638
89645
89661
89663
89666
89673
89674
89680
89701
89709
89714
89725
89728
89736
89742
89745
89746
89751
89752
89753
89769
89773
89781
89786
89801
89803
89809
89830
89843
89858
89872
89886
89894
89907
89923
89932
89945
89957
89959
89961
89964
89976
89978
89989
89994
90000
90024
90035
90045
90055
90115
90118
90128
90167
90168
90175
90176
90227
90230
90232
90233
90239
90246
90251
90276
90285
90288
90297
90313
90320
90328
90330
90330
90341
90346
90358
90365
90367
90368
90373
90379
90380
90385
90418
90426
90440
90454
90495
90501
90506
90509
90513
90516
90537
90550
90559
90561
90562
90572
90574
90621
90633
90649
90650
90656
90675
90678
90678
90686
90690
90692
90717
90727
90734
90766
90770
90771
90774
90803
90807
90814
90828
90829
90835
90838
90853
90862
90873
90881
90901
90918
90922
90923
90924
90927
90931
90948
90949
90951
90962
90989
91006
91006
91010
91010
91023
91044
91067
91085
91090
91097
91099
91104
91117
91117
91128
91144
91177
91182
91183
91184
91186
91190
91193
91196
91206
91229
91237
91248
91255
91260
91278
91284
91329
91333
91340
91341
91344
91347
91376
91381
91422
91428
91444
91445
91460
91515
91523
91525
91580
91595
91604
91610
91611
91613
91624
91627
91642
91647
91667
91674
91701
91707
91715
91738
91756
91792
91802
91808
91816
91823
91830
91842
91859
91864
91869
91872
91887
91905
91931
91948
91950
91966
91971
91984
92042
92061
92062
92067
92068
92070
92083
92095
92095
92106
92125
92133
92135
92138
92139
92144
92146
92152
92165
92185
92194
92196
92197
92221
92233
92238
92242
92247
92249
92253
92270
92270
92272
92274
92300
92308
92317
92319
92330
92345
92364
92372
92374
92377
92377
92380
92384
92389
92402
92409
92412
92413
92417
92422
92449
92455
92458
92458
92458
92472
92493
92513
92527
92549
92550
92565
92566
92580
92584
92589
92601
92609
92610
92623
92646
92646
92662
92664
92670
92676
92705
92711
92716
92736
92744
92756
92773
92777
92795
92800
92805
92813
92836
92837
92864
92866
92881
92881
92882
92895
92913
92922
92923
92944
92959
92963
92969
92972
92976
92977
92982
92984
92985
92991
92998
93008
93021
93045
93074
93083
93093
93096
93109
93122
93143
93146
93169
93171
93174
93187
93192
93197
93209
93219
93228
93244
93258
93258
93261
93266
93278
93279
93284
93303
93313
93316
93322
93328
93339
93344
93350
93359
93362
93365
93365
93374
93410
93424
93428
93444
93448
93455
93458
93460
93502
93513
93539
93539
93540
93557
93577
93582
93583
93626
93627
93648
93679
93687
93707
93740
93782
93786
93788
93789
93793
93794
93797
93801
93808
93811
93818
93839
93855
93856
93859
93881
93887
93888
93899
93900
93904
93909
93920
93946
93947
93951
93956
93958
93980
93986
94015
94022
94026
94030
94034
94049
94077
94086
94087
94094
94097
94109
94110
94116
94123
94136
94141
94141
94145
94147
94149
94177
94181
94210
94212
94218
94271
94279
94293
94309
94315
94318
94330
94338
94342
94351
94366
94382
94405
94430
94434
94443
94460
94460
94464
94475
94480
94488
94490
94500
94503
94508
94514
94521
94521
94546
94549
94582
94604
94607
94609
94619
94623
94623
94631
94654
94662
94662
94665
94682
94692
94708
94709
94721
94759
94766
94786
94793
94805
94814
94815
94819
94836
94845
94858
94885
94932
94937
94941
94956
94958
94966
94975
94977
94978
95014
95019
95025
95026
95057
95067
95094
95098
95111
95119
95136
95138
95142
95144
95163
95165
95175
95205
95219
95226
95228
95239
95243
95252
95283
95328
95332
95337
95358
95373
95382
95400
95404
95409
95411
95418
95428
95430
95443
95451
95466
95490
95491
95492
95496
95499
95507
95527
95534
95540
95544
95545
95548
95551
95565
95567
95571
95573
95574
95575
95597
95606
95611
95612
95616
95620
95626
95659
95661
95678
95684
95687
95690
95699
95708
95708
95716
95717
95720
95725
95728
95753
95773
95780
95799
95824
95827
95863
95886
95892
95899
95903
95936
95946
95953
95955
95957
95982
95994
95997
95999
96003
96009
96014
96015
96015
96019
96034
96038
96046
96050
96063
96066
96069
96071
96075
96111
96112
96114
96114
96122
96123
96123
96140
96149
96169
96170
96173
96174
96176
96193
96202
96202
96241
96253
96274
96274
96295
96316
96319
96321
96332
96340
96342
96381
96385
96390
96390
96395
96400
96401
96410
96417
96435
96436
96452
96456
96456
96469
96473
96481
96529
96534
96544
96546
96546
96555
96568
96573
96591
96609
96631
96634
96645
96666
96671
96675
96690
96700
96727
96729
96746
96753
96760
96766
96778
96780
96793
96798
96814
96817
96817
96819
96850
96859
96861
96875
96877
96887
96890
96916
96917
96919
96970
96976
97000
97015
97023
97025
97029
97050
97069
97073
97129
97162
97179
97185
97196
97208
97221
97223
97226
97232
97234
97258
97278
97291
97296
97315
97322
97325
97349
97382
97394
97406
97435
97440
97442
97445
97464
97473
97491
97494
97497
97497
97503
97509
97510
97524
97528
97531
97549
97565
97590
97591
97596
97598
97610
97634
97634
97652
97654
97656
97683
97693
97700
97709
97723
97750
97761
97764
97777
97789
97795
97810
97822
97873
97893
97902
97903
97909
97913
97919
97946
97948
97952
97953
97965
97982
97995
98003
98018
98019
98034
98061
98062
98083
98084
98096
98100
98107
98138
98138
98146
98162
98164
98171
98175
98183
98183
98186
98207
98229
98232
98257
98260
98272
98274
98280
98284
98286
98286
98297
98303
98306
98306
98308
98314
98329
98331
98349
98359
98381
98385
98395
98414
98420
98423
98435
98457
98467
98476
98477
98482
98507
98511
98516
98517
98520
98521
98524
98527
98545
98552
98596
98614
98626
98636
98643
98644
98661
98682
98688
98711
98746
98751
98757
98783
98803
98813
98813
98821
98835
98835
98839
98840
98850
98859
98860
98868
98877
98889
98891
98899
98918
98919
98924
98925
98936
98950
98992
98996
98998
99001
99034
99048
99052
99063
99063
99074
99080
99087
99095
99096
99097
99114
99128
99140
99143
99164
99169
99170
99184
99185
99187
99213
99219
99222
99236
99251
99259
99269
99271
99278
99278
99327
99329
99332
99360
99371
99385
99391
99396
99402
99407
99421
99459
99470
99471
99480
99496
99501
99502
99507
99510
99519
99530
99530
99531
99533
99548
99570
99575
99580
99603
99640
99645
99647
99647
99647
99652
99658
99664
99676
99682
99711
99746
99748
99748
99763
99775
99780
99796
99805
99829
99833
99833
99833
99854
99859
99882
99931
99946
99951
99977
99977
99990
99991