0
48
49
49
62
69
74
91
122
125
135
161
176
181
190
196
197
198
200
211
212
215
220
234
236
255
267
272
273
290
301
321
336
339
340
347
383
384
398
399
402
425
435
437
470
480
492
495
530
569
581
597
614
616
620
622
627
640
642
645
646
694
702
724
733
734
739
744
748
759
765
768
798
818
824
826
856
860
863
867
868
907
910
914
919
922
932
935
959
962
968
982
995
1000
1019
1030
1060
1079
1089
1094
1101
1101
1107
1129
1130
1139
1139
1165
1167
1169
1183
1185
1186
1189
1190
1201
1209
1233
1240
1248
1255
1282
1300
1304
1311
1312
1321
1323
1337
1344
1384
1384
1391
1397
1398
1403
1408
1427
1437
1443
1456
1462
1469
1481
1531
1553
1555
1562
1572
1615
1620
1627
1629
1647
1652
1658
1666
1668
1668
1679
1685
1686
1703
1704
1715
1728
1730
1730
1733
1746
1755
1769
1769
1777
1795
1803
1803
1804
1820
1829
1829
1839
1845
1853
1867
1873
1881
1905
1907
1914
1920
1939
1948
1976
2000
2010
2015
2018
2024
2026
2056
2073
2109
2124
2134
2134
2205
2230
2236
2243
2246
2246
2247
2255
2314
2320
2320
2326
2354
2365
2366
2371
2376
2434
2454
2455
2456
2462
2465
2467
2481
2481
2511
2526
2530
2535
2537
2548
2552
2553
2558
2558
2560
2566
2592
2593
2603
2607
2618
2633
2636
2644
2670
2672
2685
2698
2710
2719
2727
2730
2731
2747
2764
2770
2777
2780
2788
2789
2797
2801
2820
2820
2821
2834
2836
2849
2859
2875
2888
2889
2889
2898
2907
2910
2913
2924
2933
2935
2997
3000
3015
3024
3038
3058
3060
3123
3131
3133
3150
3150
3154
3162
3164
3183
3210
3236
3242
3244
3251
3266
3267
3270
3278
3282
3285
3293
3306
3309
3321
3334
3345
3347
3352
3356
3378
3399
3401
3406
3427
3444
3458
3470
3472
3473
3486
3489
3513
3540
3546
3554
3563
3573
3577
3587
3613
3614
3647
3657
3663
3666
3670
3689
3689
3713
3718
3734
3739
3759
3762
3764
3788
3792
3798
3803
3806
3822
3844
3855
3884
3891
3899
3904
3920
3933
3954
3966
3976
3977
3984
3998
4013
4014
4017
4020
4041
4041
4043
4057
4093
4099
4110
4119
4122
4124
4130
4134
4142
4146
4149
4149
4152
4156
4160
4162
4166
4170
4171
4191
4221
4222
4234
4241
4250
4282
4286
4291
4297
4334
4335
4339
4344
4346
4351
4364
4382
4394
4399
4404
4407
4415
4420
4423
4427
4431
4433
4435
4435
4446
4466
4479
4480
4481
4487
4487
4513
4521
4546
4554
4565
4567
4578
4583
4597
4601
4605
4608
4625
4635
4647
4657
4659
4660
4661
4662
4666
4672
4693
4704
4724
4737
4760
4762
4769
4779
4780
4785
4794
4798
4806
4815
4843
4845
4849
4860
4885
4885
4886
4890
4907
4912
4915
4920
4921
4949
4961
4963
4966
4968
4981
4986
4989
4989
4995
4997
4998
5003
5019
5029
5033
5041
5042
5052
5070
5072
5089
5111
5116
5131
5144
5144
5148
5148
5153
5158
5162
5163
5167
5169
5178
5198
5200
5205
5206
5209
5216
5216
5228
5262
5265
5268
5297
5300
5303
5318
5343
5381
5401
5430
5434
5454
5483
5483
5487
5491
5507
5509
5542
5547
5558
5566
5572
5595
5616
5640
5663
5670
5680
5705
5718
5721
5738
5749
5750
5757
5767
5773
5779
5785
5791
5799
5806
5815
5821
5823
5825
5826
5831
5833
5846
5853
5866
5867
5867
5881
5888
5912
5923
5932
5953
5963
5995
5999
6031
6038
6040
6044
6048
6051
6056
6060
6063
6077
6078
6085
6085
6092
6113
6139
6140
6152
6153
6165
6165
6166
6177
6179
6192
6197
6203
6204
6226
6235
6239
6243
6245
6261
6263
6274
6279
6282
6292
6327
6330
6331
6331
6333
6338
6341
6356
6364
6367
6367
6382
6390
6423
6452
6475
6484
6486
6523
6533
6542
6548
6551
6556
6581
6589
6594
6597
6602
6603
6615
6616
6629
6640
6644
6648
6663
6665
6676
6692
6700
6702
6708
6715
6717
6718
6729
6736
6742
6744
6745
6746
6749
6760
6776
6800
6803
6804
6812
6814
6815
6840
6851
6857
6860
6870
6873
6876
6885
6887
6890
6897
6919
6920
6923
6954
6963
6982
6995
6996
7001
7013
7044
7051
7051
7060
7068
7070
7070
7072
7074
7102
7112
7116
7118
7120
7122
7122
7124
7148
7155
7155
7160
7192
7193
7198
7202
7212
7221
7239
7245
7268
7270
7277
7304
7343
7361
7366
7371
7395
7407
7417
7447
7448
7468
7471
7495
7516
7522
7526
7527
7529
7558
7561
7579
7599
7600
7603
7606
7622
7642
7644
7660
7663
7720
7721
7740
7741
7753
7753
7760
7761
7775
7792
7804
7811
7817
7835
7845
7847
7852
7861
7871
7883
7887
7892
7896
7925
7934
7936
7947
7953
7977
7990
7996
8031
8041
8043
8044
8046
8056
8061
8072
8081
8090
8105
8144
8175
8180
8189
8191
8197
8199
8206
8211
8214
8219
8231
8238
8239
8260
8269
8270
8272
8275
8276
8278
8280
8284
8300
8307
8312
8364
8372
8379
8380
8382
8383
8394
8396
8406
8411
8433
8434
8435
8450
8455
8470
8471
8479
8482
8520
8524
8529
8539
8540
8553
8560
8577
8578
8578
8617
8631
8633
8656
8666
8680
8680
8686
8687
8695
8696
8707
8717
8739
8743
8766
8769
8773
8795
8795
8799
8804
8806
8807
8807
8823
8839
8850
8855
8870
8876
8898
8912
8924
8934
8935
8952
8962
8966
8988
9001
9002
9033
9040
9064
9071
9087
9101
9101
9116
9130
9136
9137
9153
9164
9167
9201
9211
9212
9213
9235
9240
9258
9267
9277
9279
9282
9289
9300
9301
9310
9314
9316
9362
9364
9402
9414
9449
9453
9455
9462
9497
9500
9500
9511
9511
9513
9522
9536
9538
9553
9572
9590
9601
9607
9631
9641
9647
9652
9679
9699
9708
9737
9747
9755
9757
9763
9770
9783
9783
9792
9794
9831
9842
9859
9880
9881
9887
9888
9888
9897
9918
9923
9960
9990
10020
10028
10029
10046
10046
10055
10056
10068
10111
10135
10143
10144
10151
10167
10168
10174
10174
10191
10220
10238
10245
10263
10267
10276
10287
10304
10339
10343
10356
10374
10374
10374
10374
10399
10402
10403
10414
10424
10428
10430
10434
10435
10442
10444
10447
10473
10475
10477
10488
10499
10522
10528
10542
10548
10559
10562
10564
10574
10575
10579
10597
10616
10632
10641
10647
10648
10676
10679
10684
10687
10694
10695
10698
10699
10704
10706
10723
10734
10769
10777
10805
10809
10810
10811
10828
10838
10841
10842
10843
10845
10859
10867
10869
10879
10915
10931
10944
10980
11005
11061
11073
11079
11090
11093
11098
11109
11124
11126
11130
11132
11139
11141
11142
11154
11169
11171
11182
11192
11193
11210
11214
11231
11236
11245
11250
11250
11259
11268
11277
11296
11308
11314
11318
11348
11353
11370
11393
11395
11404
11432
11455
11455
11462
11475
11477
11479
11497
11503
11508
11515
11525
11561
11569
11581
11594
11595
11606
11626
11627
11628
11636
11647
11647
11653
11716
11725
11738
11742
11743
11746
11773
11775
11775
11777
11778
11778
11821
11850
11864
11896
11898
11917
11918
11937
11945
11947
11948
11954
11957
11958
11961
11963
11984
11993
12001
12004
12006
12027
12040
12052
12062
12062
12069
12070
12077
12082
12086
12091
12102
12134
12145
12146
12157
12164
12165
12165
12172
12227
12236
12246
12259
12268
12275
12276
12281
12291
12298
12303
12305
12377
12382
12408
12415
12455
12455
12456
12466
12496
12501
12507
12522
12530
12564
12607
12621
12643
12657
12666
12682
12684
12689
12701
12727
12727
12728
12730
12733
12740
12744
12751
12753
12764
12768
12769
12774
12775
12810
12811
12831
12833
12842
12844
12862
12863
12879
12885
12899
12915
12953
12959
12960
12966
12972
12972
12984
12988
12994
12997
13000
13005
13006
13021
13043
13046
13057
13063
13073
13073
13076
13081
13094
13104
13115
13121
13125
13127
13131
13134
13145
13175
13175
13189
13197
13205
13205
13250
13253
13259
13292
13295
13301
13306
13311
13316
13352
13358
13370
13378
13384
13404
13410
13417
13420
13425
13435
13464
13464
13478
13490
13491
13501
13510
13515
13524
13532
13537
13540
13557
13572
13591
13601
13611
13614
13617
13627
13642
13643
13643
13662
13667
13675
13678
13702
13717
13719
13720
13721
13723
13729
13730
13738
13739
13746
13768
13781
13793
13799
13800
13829
13838
13840
13844
13855
13859
13875
13904
13930
13936
13942
13943
13954
13971
14003
14009
14010
14041
14053
14053
14055
14058
14073
14076
14081
14082
14112
14112
14124
14127
14137
14142
14146
14158
14162
14169
14176
14182
14184
14196
14200
14200
14238
14251
14254
14259
14276
14286
14289
14300
14305
14308
14314
14315
14316
14322
14329
14331
14335
14353
14354
14354
14355
14361
14432
14446
14452
14455
14466
14496
14501
14521
14553
14562
14574
14583
14586
14588
14591
14597
14599
14606
14609
14621
14621
14661
14665
14665
14679
14688
14694
14699
14703
14711
14724
14736
14736
14756
14756
14762
14767
14773
14792
14795
14819
14831
14864
14866
14871
14878
14885
14909
14909
14914
14917
14918
14952
14963
14966
14974
14985
14989
14990
15024
15052
15053
15056
15058
15063
15063
15063
15090
15097
15108
15108
15113
15113
15114
15134
15137
15137
15152
15155
15170
15180
15188
15203
15226
15235
15252
15258
15267
15276
15276
15287
15289
15307
15311
15348
15355
15360
15364
15368
15384
15384
15387
15392
15394
15422
15447
15454
15470
15501
15507
15516
15516
15527
15538
15558
15575
15590
15591
15604
15608
15609
15614
15615
15621
15632
15651
15665
15671
15679
15685
15715
15719
15726
15729
15742
15757
15762
15764
15772
15775
15782
15785
15788
15788
15789
15789
15795
15810
15821
15822
15840
15856
15865
15880
15887
15891
15908
15930
15968
15970
15980
15998
16005
16007
16013
16019
16037
16042
16048
16048
16052
16054
16059
16063
16065
16069
16073
16075
16131
16136
16136
16183
16202
16212
16213
16231
16243
16246
16278
16285
16290
16318
16325
16328
16331
16332
16343
16345
16371
16386
16415
16431
16435
16438
16465
16473
16505
16518
16585
16607
16616
16634
16637
16640
16642
16645
16670
16679
16688
16712
16713
16718
16718
16723
16727
16784
16804
16811
16819
16820
16836
16850
16853
16861
16865
16866
16867
16902
16913
16915
16915
16917
16926
16926
16941
16946
16946
16971
16975
16984
17023
17031
17032
17040
17072
17075
17075
17075
17076
17104
17108
17124
17151
17164
17171
17171
17214
17215
17216
17227
17238
17270
17270
17271
17284
17287
17294
17307
17321
17322
17326
17327
17339
17363
17377
17380
17386
17392
17394
17418
17427
17440
17451
17479
17491
17503
17528
17530
17534
17540
17555
17571
17572
17585
17590
17593
17603
17623
17640
17677
17680
17686
17689
17697
17704
17705
17708
17708
17709
17738
17751
17753
17757
17768
17770
17774
17782
17783
17786
17807
17811
17813
17818
17826
17831
17833
17842
17844
17847
17873
17883
17891
17906
17913
17914
17931
17933
17934
17941
17949
17951
17953
17957
17965
17966
17970
17973
17975
17988
17989
17995
17995
18019
18032
18036
18040
18047
18052
18058
18060
18070
18072
18093
18099
18104
18105
18124
18133
18146
18152
18156
18169
18173
18177
18197
18198
18201
18205
18212
18234
18236
18245
18261
18270
18272
18276
18286
18294
18297
18302
18305
18308
18314
18329
18334
18340
18351
18386
18387
18388
18396
18401
18408
18412
18444
18511
18530
18533
18542
18545
18552
18553
18558
18620
18633
18635
18649
18650
18673
18684
18720
18728
18729
18739
18742
18757
18758
18759
18765
18767
18785
18799
18829
18833
18853
18861
18862
18875
18878
18882
18920
18922
18941
18951
18951
18971
18999
19012
19098
19105
19112
19131
19131
19136
19138
19157
19166
19171
19182
19213
19217
19239
19240
19240
19246
19248
19265
19274
19291
19292
19293
19298
19326
19330
19333
19349
19366
19375
19384
19387
19399
19403
19435
19444
19464
19465
19466
19467
19483
19486
19504
19512
19520
19524
19535
19542
19548
19554
19582
19634
19637
19638
19649
19654
19661
19666
19669
19688
19697
19711
19727
19730
19732
19787
19791
19805
19814
19820
19822
19824
19832
19847
19857
19876
19890
19899
19899
19905
19908
19908
19914
19921
19924
19927
19939
19941
19949
19963
19966
19980
19984
19985
19998
20004
20008
20015
20031
20042
20049
20051
20116
20120
20124
20127
20144
20145
20153
20164
20169
20181
20182
20199
20210
20225
20225
20235
20241
20248
20254
20256
20286
20300
20300
20305
20311
20316
20376
20384
20385
20386
20428
20432
20437
20455
20466
20468
20468
20468
20470
20477
20477
20483
20484
20494
20495
20499
20502
20506
20512
20524
20545
20552
20554
20566
20580
20587
20592
20597
20610
20612
20625
20633
20637
20647
20671
20672
20682
20683
20686
20696
20697
20714
20741
20749
20750
20754
20759
20771
20778
20780
20803
20804
20829
20871
20874
20883
20889
20895
20901
20907
20919
20924
20925
20935
20940
20953
20972
20974
20977
21004
21010
21012
21023
21026
21030
21032
21039
21055
21062
21062
21062
21087
21094
21100
21102
21106
21112
21136
21142
21143
21144
21157
21157
21172
21177
21179
21187
21200
21205
21218
21221
21224
21228
21242
21251
21260
21284
21316
21319
21324
21357
21363
21373
21387
21403
21405
21407
21425
21448
21451
21461
21462
21484
21485
21511
21518
21544
21570
21573
21604
21606
21620
21626
21638
21655
21657
21660
21666
21673
21685
21689
21693
21700
21712
21727
21729
21736
21754
21757
21772
21785
21786
21819
21832
21833
21834
21839
21841
21854
21860
21871
21906
21925
21929
21930
21931
21933
21937
21941
21947
21950
21954
21972
21973
21978
21983
21988
21989
21997
22000
22002
22022
22040
22043
22048
22058
22066
22073
22082
22089
22094
22098
22101
22107
22128
22134
22136
22139
22143
22144
22152
22155
22189
22193
22199
22207
22221
22226
22231
22235
22236
22253
22269
22290
22314
22317
22326
22335
22339
22374
22375
22378
22398
22418
22434
22438
22461
22473
22501
22506
22517
22540
22555
22557
22569
22592
22604
22606
22613
22614
22616
22623
22637
22657
22662
22664
22687
22701
22710
22722
22752
22762
22766
22792
22794
22805
22810
22828
22829
22832
22845
22853
22863
22870
22876
22895
22908
22921
22921
22926
22931
22948
22949
22953
22956
22966
22970
22987
22994
23000
23002
23009
23012
23014
23048
23048
23055
23066
23081
23082
23092
23117
23119
23120
23130
23137
23138
23151
23163
23164
23167
23171
23171
23173
23183
23190
23209
23216
23233
23265
23266
23279
23280
23284
23295
23323
23326
23343
23352
23355
23360
23361
23383
23383
23399
23408
23410
23435
23447
23470
23471
23487
23498
23504
23506
23527
23563
23585
23591
23595
23602
23614
23617
23622
23627
23646
23647
23665
23667
23680
23698
23704
23712
23717
23719
23725
23727
23738
23748
23748
23782
23790
23805
23820
23821
23825
23852
23853
23865
23871
23886
23905
23931
23933
23936
23937
23943
23973
23977
23979
23983
23992
24007
24010
24010
24019
24027
24043
24074
24089
24097
24109
24115
24125
24126
24129
24138
24144
24146
24166
24168
24170
24177
24179
24179
24180
24186
24197
24201
24216
24218
24223
24225
24227
24234
24243
24245
24254
24294
24309
24316
24323
24339
24359
24379
24384
24404
24415
24417
24434
24457
24472
24478
24483
24484
24485
24497
24499
24502
24506
24513
24528
24540
24559
24566
24569
24573
24575
24578
24594
24614
24618
24623
24624
24641
24644
24655
24661
24669
24674
24703
24706
24714
24722
24739
24755
24779
24781
24782
24788
24790
24793
24796
24804
24814
24817
24855
24876
24904
24909
24913
24918
24927
24950
24956
24970
24981
25003
25020
25025
25034
25045
25050
25067
25080
25087
25092
25096
25103
25110
25120
25148
25149
25162
25169
25178
25186
25187
25194
25201
25209
25214
25228
25238
25242
25255
25256
25266
25283
25286
25299
25316
25331
25342
25344
25358
25367
25383
25385
25392
25398
25406
25411
25419
25466
25467
25468
25477
25478
25480
25490
25493
25509
25528
25532
25535
25538
25538
25555
25556
25564
25576
25580
25593
25601
25602
25606
25618
25622
25633
25647
25650
25673
25678
25684
25710
25715
25724
25745
25751
25775
25815
25816
25824
25836
25848
25850
25850
25905
25914
25921
25934
25943
25944
25949
25960
25994
26021
26024
26029
26036
26044
26048
26055
26066
26077
26078
26101
26117
26130
26130
26134
26135
26174
26176
26185
26202
26215
26236
26247
26247
26254
26256
26266
26268
26271
26275
26301
26311
26327
26334
26346
26365
26380
26380
26382
26405
26417
26424
26437
26439
26465
26468
26481
26497
26501
26506
26519
26530
26530
26530
26562
26584
26589
26591
26593
26595
26603
26619
26631
26633
26654
26658
26659
26660
26661
26683
26683
26689
26690
26694
26700
26701
26703
26712
26713
26714
26740
26748
26777
26807
26808
26810
26818
26829
26839
26840
26848
26870
26878
26889
26897
26911
26912
26920
26932
26937
26944
26952
26954
26963
26969
26983
26998
27003
27008
27010
27015
27018
27021
27034
27047
27050
27055
27060
27069
27069
27072
27085
27102
27103
27114
27114
27116
27121
27122
27132
27135
27142
27170
27174
27177
27183
27186
27186
27192
27193
27226
27227
27266
27274
27294
27296
27297
27312
27314
27318
27347
27351
27352
27354
27358
27366
27369
27379
27446
27447
27472
27494
27502
27504
27505
27518
27575
27580
27589
27592
27603
27603
27613
27613
27621
27622
27625
27679
27683
27683
27686
27706
27719
27723
27743
27755
27770
27775
27789
27794
27803
27804
27812
27814
27815
27858
27861
27879
27894
27897
27905
27910
27915
27921
27933
27953
27976
27980
27986
27988
27989
27998
28001
28003
28019
28021
28032
28048
28049
28052
28080
28090
28102
28122
28126
28137
28158
28161
28184
28192
28208
28213
28215
28218
28244
28287
28295
28300
28304
28310
28315
28325
28335
28339
28347
28347
28350
28357
28378
28378
28384
28385
28392
28405
28414
28421
28440
28490
28495
28495
28496
28505
28511
28512
28530
28537
28537
28547
28554
28562
28570
28578
28594
28611
28612
28613
28621
28624
28625
28635
28668
28669
28676
28677
28679
28692
28696
28697
28699
28720
28724
28745
28748
28753
28791
28795
28803
28805
28806
28808
28817
28826
28842
28846
28847
28862
28877
28887
28888
28888
28888
28897
28901
28907
28915
28919
28922
28922
28924
28924
28940
28941
28952
28952
28958
28983
28986
28989
29003
29010
29016
29019
29020
29022
29023
29041
29045
29054
29054
29058
29062
29098
29107
29109
29110
29123
29124
29128
29136
29148
29157
29175
29183
29194
29204
29205
29208
29210
29212
29212
29243
29264
29278
29289
29294
29294
29302
29309
29310
29313
29320
29351
29351
29370
29410
29412
29423
29430
29437
29444
29450
29450
29464
29466
29469
29610
29615
29620
29627
29632
29635
29654
29674
29680
29681
29710
29727
29735
29750
29752
29766
29768
29770
29783
29785
29797
29804
29809
29814
29838
29857
29859
29862
29887
29893
29894
29894
29898
29914
29948
29952
29959
29994
30020
30025
30028
30049
30050
30055
30065
30073
30077
30078
30086
30096
30100
30118
30130
30138
30139
30146
30148
30150
30153
30156
30163
30167
30172
30173
30173
30187
30188
30190
30199
30225
30226
30233
30251
30252
30261
30265
30267
30274
30281
30294
30297
30316
30320
30335
30338
30361
30363
30366
30366
30384
30385
30406
30413
30417
30419
30444
30448
30453
30467
30468
30474
30504
30516
30526
30539
30556
30564
30580
30587
30602
30664
30670
30680
30693
30718
30728
30729
30753
30760
30761
30784
30787
30804
30805
30813
30829
30836
30842
30860
30861
30876
30900
30903
30917
30923
30928
30930
30950
30953
30958
30961
30963
30978
30981
30992
31010
31018
31041
31056
31072
31077
31085
31106
31107
31112
31122
31126
31126
31129
31133
31133
31135
31139
31143
31152
31154
31157
31171
31199
31201
31212
31212
31260
31271
31276
31277
31314
31321
31342
31382
31394
31404
31423
31426
31440
31449
31451
31458
31472
31480
31519
31538
31543
31553
31567
31572
31597
31599
31601
31603
31613
31613
31626
31646
31668
31669
31693
31701
31713
31724
31726
31734
31740
31752
31771
31775
31778
31778
31789
31801
31805
31807
31809
31811
31825
31827
31841
31853
31859
31860
31873
31875
31877
31908
31920
31923
31936
31946
31954
31957
31971
32002
32006
32033
32034
32037
32043
32058
32067
32076
32099
32099
32117
32125
32128
32131
32149
32150
32186
32204
32233
32241
32246
32254
32258
32263
32312
32318
32320
32320
32320
32336
32383
32395
32398
32442
32470
32472
32474
32479
32485
32515
32524
32537
32539
32581
32583
32585
32587
32588
32591
32591
32596
32606
32613
32623
32635
32641
32663
32672
32679
32686
32689
32717
32758
32773
32784
32805
32811
32837
32846
32856
32868
32873
32877
32887
32900
32907
32928
32929
32930
32936
32941
32947
32949
32953
32956
32980
32986
33018
33028
33038
33054
33081
33092
33115
33121
33140
33140
33163
33164
33176
33182
33190
33205
33206
33206
33236
33255
33261
33271
33313
33315
33330
33335
33349
33351
33369
33408
33409
33413
33415
33423
33427
33431
33433
33440
33440
33445
33457
33458
33464
33473
33483
33487
33504
33514
33523
33528
33542
33547
33556
33559
33565
33571
33583
33596
33598
33598
33598
33617
33620
33635
33644
33657
33660
33663
33672
33681
33688
33688
33704
33705
33720
33747
33782
33784
33785
33806
33822
33842
33859
33862
33907
33933
33944
33963
33969
33974
33981
33983
33996
34019
34020
34026
34029
34031
34032
34034
34042
34044
34046
34071
34085
34085
34108
34114
34145
34148
34152
34155
34176
34178
34180
34186
34188
34195
34196
34221
34222
34248
34291
34327
34332
34334
34338
34355
34355
34358
34375
34397
34398
34426
34428
34429
34431
34434
34436
34476
34479
34496
34498
34505
34517
34523
34535
34540
34545
34550
34553
34560
34573
34578
34589
34594
34598
34613
34623
34638
34639
34641
34656
34672
34672
34678
34687
34713
34725
34726
34772
34796
34807
34818
34830
34843
34851
34857
34868
34871
34876
34877
34899
34917
34938
34940
34949
34950
34952
34965
34967
34970
34977
34992
35005
35005
35013
35024
35025
35051
35061
35074
35096
35114
35129
35139
35148
35157
35158
35159
35159
35162
35171
35172
35184
35226
35245
35248
35256
35267
35271
35293
35299
35312
35332
35333
35347
35349
35359
35373
35378
35385
35389
35409
35416
35425
35437
35442
35451
35463
35472
35473
35475
35477
35478
35487
35494
35514
35517
35534
35540
35541
35550
35557
35559
35566
35580
35585
35590
35601
35607
35611
35630
35637
35647
35655
35656
35657
35663
35728
35737
35748
35748
35757
35767
35778
35797
35806
35816
35822
35827
35833
35836
35851
35852
35863
35868
35899
35908
35911
35925
35926
35930
35932
35933
35933
35947
35947
35964
35967
35981
35989
35993
36018
36021
36029
36029
36050
36052
36053
36058
36062
36077
36078
36080
36084
36086
36087
36100
36101
36117
36119
36134
36141
36142
36144
36149
36150
36151
36153
36179
36181
36252
36264
36298
36309
36325
36336
36357
36370
36378
36397
36403
36404
36409
36422
36430
36441
36448
36457
36457
36472
36482
36483
36490
36493
36494
36500
36507
36507
36511
36520
36545
36550
36553
36555
36558
36565
36574
36580
36586
36591
36614
36623
36668
36673
36677
36695
36697
36713
36713
36720
36732
36734
36751
36752
36757
36758
36764
36764
36774
36781
36791
36802
36816
36817
36822
36836
36838
36840
36850
36850
36870
36880
36890
36891
36916
36917
36927
36929
36930
36930
36932
36935
36938
36958
36966
36970
36978
36992
36998
37007
37023
37041
37058
37063
37069
37084
37092
37098
37101
37105
37114
37118
37121
37122
37128
37130
37134
37154
37156
37160
37161
37163
37173
37179
37181
37187
37195
37197
37205
37256
37269
37275
37281
37284
37293
37304
37310
37322
37330
37333
37337
37354
37398
37404
37406
37407
37411
37425
37443
37447
37461
37469
37484
37510
37534
37543
37553
37565
37566
37600
37608
37619
37621
37624
37625
37628
37632
37648
37652
37662
37670
37683
37713
37717
37719
37725
37734
37748
37757
37761
37775
37779
37785
37803
37809
37814
37819
37832
37847
37865
37866
37871
37873
37880
37882
37912
37926
37928
37949
37995
38016
38019
38032
38041
38059
38079
38086
38098
38099
38100
38106
38121
38128
38134
38140
38147
38147
38152
38159
38165
38169
38180
38189
38189
38194
38204
38209
38213
38216
38220
38245
38265
38266
38275
38278
38284
38293
38296
38314
38330
38331
38332
38338
38368
38405
38421
38452
38462
38463
38497
38500
38506
38530
38538
38548
38595
38606
38611
38622
38626
38634
38639
38671
38699
38711
38724
38726
38730
38753
38762
38784
38798
38804
38809
38817
38817
38858
38867
38869
38870
38882
38887
38915
38917
38932
38945
38955
38963
38966
38967
38979
39001
39020
39034
39057
39058
39060
39100
39117
39131
39139
39149
39154
39162
39214
39219
39231
39236
39245
39250
39256
39266
39277
39285
39304
39308
39315
39333
39338
39349
39351
39376
39386
39386
39391
39405
39405
39418
39418
39429
39437
39439
39456
39456
39457
39481
39484
39489
39504
39507
39519
39526
39527
39535
39552
39553
39565
39568
39571
39580
39586
39607
39648
39673
39675
39691
39696
39716
39732
39738
39751
39764
39765
39769
39774
39786
39792
39809
39811
39812
39825
39835
39868
39869
39889
39924
39937
39941
39944
39955
39962
39967
39968
39970
39992
39992
39992
39993
39998
40053
40055
40056
40114
40123
40131
40140
40151
40154
40162
40165
40166
40189
40215
40234
40244
40271
40274
40283
40286
40287
40290
40300
40304
40329
40344
40367
40371
40373
40374
40382
40385
40388
40397
40400
40422
40424
40426
40451
40461
40467
40477
40477
40483
40510
40512
40547
40559
40565
40592
40612
40616
40622
40635
40673
40676
40692
40712
40726
40731
40749
40767
40784
40785
40788
40789
40789
40795
40805
40813
40814
40815
40838
40864
40895
40901
40905
40911
40912
40936
40948
40962
40968
40986
41008
41016
41028
41048
41050
41074
41078
41087
41091
41098
41105
41106
41108
41112
41136
41159
41165
41174
41176
41197
41211
41230
41231
41238
41239
41250
41250
41273
41306
41315
41343
41349
41351
41354
41355
41366
41368
41368
41372
41379
41384
41386
41396
41396
41410
41419
41428
41431
41432
41440
41464
41471
41477
41480
41486
41488
41513
41515
41550
41550
41554
41558
41558
41572
41572
41594
41600
41601
41609
41623
41629
41629
41634
41642
41642
41655
41657
41693
41693
41701
41703
41717
41719
41719
41730
41737
41737
41744
41757
41758
41778
41780
41793
41808
41811
41815
41832
41832
41833
41851
41890
41890
41904
41910
41922
41924
41934
41950
41963
42009
42017
42046
42053
42056
42063
42071
42074
42093
42093
42098
42102
42127
42133
42147
42151
42151
42155
42195
42198
42199
42212
42213
42233
42248
42248
42254
42261
42269
42336
42337
42346
42348
42355
42371
42374
42376
42388
42395
42396
42401
42410
42417
42429
42446
42453
42469
42471
42478
42482
42496
42505
42507
42512
42521
42532
42533
42543
42548
42554
42554
42564
42580
42590
42595
42598
42604
42611
42629
42647
42651
42665
42669
42678
42680
42681
42682
42716
42733
42741
42750
42775
42819
42840
42845
42860
42869
42896
42900
42918
42929
42938
42948
42948
42956
42973
42977
42981
42983
43002
43005
43034
43035
43035
43036
43056
43072
43076
43084
43096
43104
43109
43122
43125
43129
43154
43161
43178
43181
43184
43195
43196
43199
43199
43209
43210
43211
43216
43223
43236
43236
43244
43264
43271
43278
43288
43290
43340
43350
43350
43359
43366
43377
43379
43387
43391
43429
43436
43448
43448
43452
43460
43486
43489
43493
43501
43508
43520
43522
43531
43533
43534
43566
43574
43575
43576
43591
43621
43630
43651
43655
43669
43676
43677
43681
43737
43760
43787
43789
43791
43812
43821
43822
43827
43831
43850
43871
43891
43897
43917
43931
43936
43937
43939
43941
43948
43964
43986
43994
44025
44038
44041
44041
44045
44046
44051
44055
44063
44100
44103
44117
44125
44129
44133
44139
44147
44215
44225
44236
44247
44249
44271
44280
44280
44323
44326
44334
44336
44341
44359
44372
44378
44397
44405
44438
44444
44449
44450
44454
44493
44504
44507
44529
44533
44538
44549
44555
44557
44582
44589
44593
44598
44613
44614
44658
44666
44671
44673
44692
44717
44753
44773
44775
44785
44800
44835
44845
44852
44860
44865
44874
44876
44895
44899
44903
44907
44913
44917
44924
44929
44931
44941
44960
44969
44971
44977
44978
44982
44991
45014
45025
45026
45033
45036
45036
45036
45039
45053
45057
45073
45076
45089
45095
45102
45137
45156
45172
45173
45182
45222
45224
45231
45251
45264
45266
45291
45302
45315
45338
45367
45374
45376
45388
45392
45392
45409
45416
45420
45428
45437
45451
45454
45454
45455
45465
45467
45467
45474
45476
45482
45503
45522
45523
45529
45531
45539
45543
45546
45549
45558
45572
45585
45585
45587
45597
45599
45607
45618
45623
45640
45663
45670
45684
45685
45692
45706
45711
45747
45771
45775
45783
45796
45797
45831
45834
45849
45855
45858
45867
45872
45882
45884
45895
45928
45948
45958
45969
45974
45978
45979
45986
46001
46016
46024
46029
46039
46054
46062
46100
46110
46111
46116
46122
46126
46142
46150
46166
46205
46211
46214
46256
46272
46278
46290
46308
46337
46338
46344
46344
46346
46350
46358
46375
46389
46390
46398
46406
46421
46428
46430
46451
46461
46463
46465
46474
46481
46494
46512
46513
46517
46525
46531
46548
46559
46572
46579
46592
46601
46607
46612
46614
46615
46621
46622
46634
46660
46668
46694
46697
46714
46720
46730
46781
46782
46804
46810
46811
46819
46840
46840
46840
46850
46865
46872
46872
46910
46918
46921
46922
46923
46924
46930
46931
46940
46947
46958
46959
46961
46962
46962
46967
46968
46971
46974
46977
46979
46985
46988
47013
47049
47060
47066
47098
47109
47124
47126
47132
47161
47171
47176
47191
47216
47238
47249
47283
47294
47297
47308
47312
47345
47352
47374
47382
47386
47399
47399
47438
47449
47450
47467
47507
47509
47512
47520
47525
47526
47529
47532
47532
47537
47551
47551
47553
47566
47567
47577
47579
47579
47588
47603
47608
47618
47628
47651
47651
47658
47689
47715
47721
47722
47728
47734
47736
47739
47739
47742
47757
47759
47782
47786
47793
47793
47793
47797
47853
47856
47861
47875
47904
47918
47922
47937
47952
47952
47970
47976
47988
47992
47992
48007
48014
48022
48043
48044
48060
48063
48071
48073
48095
48103
48113
48115
48138
48140
48140
48150
48179
48194
48201
48234
48235
48240
48246
48261
48261
48278
48283
48301
48320
48323
48335
48340
48343
48347
48367
48376
48381
48392
48399
48405
48409
48417
48452
48454
48454
48463
48466
48474
48478
48489
48505
48511
48513
48533
48534
48543
48560
48564
48567
48582
48583
48613
48622
48654
48664
48689
48692
48697
48703
48719
48728
48742
48749
48755
48757
48779
48789
48794
48801
48816
48838
48841
48856
48873
48876
48925
48932
48935
48995
49001
49018
49047
49059
49063
49064
49065
49075
49076
49104
49109
49113
49135
49143
49143
49150
49150
49167
49196
49205
49205
49207
49208
49211
49218
49231
49234
49251
49271
49282
49283
49285
49285
49299
49317
49342
49361
49369
49379
49386
49403
49412
49429
49447
49448
49466
49469
49472
49476
49487
49492
49493
49523
49527
49539
49549
49553
49558
49567
49568
49586
49590
49596
49604
49605
49607
49616
49620
49634
49639
49651
49702
49703
49725
49738
49742
49762
49766
49774
49783
49838
49859
49866
49881
49882
49884
49885
49889
49895
49901
49914
49915
49931
49936
49936
49944
49945
49951
49951
49963
49976
49982
49984
49989
49990
49995
50004
50004
50018
50024
50049
50053
50059
50060
50063
50068
50087
50093
50094
50097
50103
50131
50145
50154
50159
50159
50170
50194
50198
50201
50201
50218
50220
50222
50266
50273
50277
50320
50330
50336
50338
50343
50362
50364
50366
50369
50380
50385
50395
50426
50435
50456
50476
50479
50497
50509
50516
50528
50541
50548
50552
50557
50571
50575
50575
50576
50578
50583
50588
50602
50612
50668
50669
50676
50678
50687
50718
50744
50753
50754
50780
50785
50789
50798
50821
50822
50825
50836
50840
50857
50877
50880
50889
50890
50890
50894
50901
50915
50931
50941
50942
50943
50975
50990
50991
51001
51004
51011
51012
51030
51031
51039
51046
51051
51052
51073
51080
51081
51103
51108
51131
51136
51166
51171
51176
51211
51221
51223
51226
51230
51233
51233
51236
51252
51262
51277
51278
51287
51300
51309
51324
51325
51335
51344
51347
51349
51355
51398
51400
51400
51417
51427
51429
51452
51473
51482
51492
51495
51497
51519
51522
51532
51564
51570
51578
51582
51582
51604
51615
51621
51635
51635
51650
51682
51705
51713
51725
51743
51759
51772
51785
51796
51801
51813
51820
51822
51832
51866
51875
51889
51897
51898
51899
51933
51937
51944
51954
51958
51967
51976
51985
51987
51989
52012
52043
52082
52086
52094
52097
52105
52106
52111
52145
52150
52155
52164
52223
52253
52259
52272
52276
52278
52299
52303
52307
52325
52331
52356
52359
52370
52373
52375
52381
52404
52406
52416
52416
52436
52437
52449
52458
52474
52478
52487
52501
52505
52539
52547
52549
52550
52552
52573
52591
52607
52607
52635
52646
52660
52662
52663
52663
52673
52676
52687
52691
52697
52698
52699
52742
52746
52782
52807
52807
52810
52820
52821
52824
52834
52842
52869
52875
52901
52913
52916
52921
52931
52936
52939
52940
52944
52967
52971
52973
52995
53002
53020
53027
53048
53071
53073
53098
53109
53112
53114
53119
53130
53140
53165
53176
53184
53184
53187
53189
53195
53206
53206
53209
53213
53224
53229
53236
53240
53243
53244
53252
53259
53265
53266
53270
53273
53275
53284
53291
53294
53323
53324
53344
53351
53365
53367
53374
53382
53414
53420
53427
53431
53434
53447
53454
53477
53483
53495
53509
53511
53516
53526
53552
53552
53569
53577
53586
53587
53592
53597
53606
53617
53629
53631
53642
53642
53650
53650
53687
53710
53712
53720
53756
53773
53775
53782
53801
53807
53809
53826
53846
53850
53857
53862
53888
53898
53902
53905
53934
53940
53940
53970
53974
53981
53984
53996
54007
54018
54023
54051
54052
54067
54072
54099
54111
54115
54125
54141
54147
54156
54157
54165
54170
54172
54172
54172
54177
54183
54201
54207
54207
54217
54219
54232
54244
54248
54255
54277
54281
54284
54307
54309
54326
54327
54329
54341
54349
54381
54384
54400
54403
54404
54404
54462
54472
54482
54483
54492
54515
54520
54538
54545
54556
54565
54568
54570
54571
54578
54584
54587
54626
54629
54654
54655
54665
54668
54671
54676
54678
54682
54696
54704
54709
54722
54728
54732
54744
54756
54756
54810
54814
54817
54823
54830
54844
54858
54864
54869
54871
54872
54874
54881
54884
54885
54893
54902
54912
54912
54915
54932
54949
54954
54976
54977
54978
54985
54987
54991
55019
55027
55034
55047
55051
55052
55056
55058
55067
55080
55091
55102
55107
55118
55123
55151
55153
55189
55205
55217
55222
55228
55234
55245
55246
55252
55264
55277
55282
55283
55295
55300
55305
55318
55323
55326
55334
55336
55341
55344
55345
55346
55349
55357
55363
55365
55391
55394
55409
55429
55449
55450
55491
55511
55542
55552
55564
55569
55576
55588
55601
55614
55619
55620
55623
55637
55645
55652
55657
55664
55675
55675
55688
55723
55755
55755
55789
55792
55797
55805
55818
55882
55884
55896
55922
55942
55973
55988
56006
56015
56033
56056
56067
56072
56101
56102
56104
56105
56122
56164
56171
56180
56199
56206
56219
56239
56245
56251
56252
56279
56285
56287
56290
56310
56318
56331
56355
56359
56366
56378
56385
56405
56417
56423
56425
56435
56463
56488
56494
56497
56498
56508
56517
56528
56529
56533
56543
56562
56564
56571
56587
56598
56599
56600
56604
56605
56615
56625
56634
56636
56640
56661
56665
56667
56667
56669
56670
56677
56696
56697
56698
56700
56704
56710
56712
56726
56731
56742
56744
56773
56775
56776
56783
56796
56808
56821
56830
56833
56841
56862
56870
56878
56883
56886
56895
56895
56942
56946
56954
56962
56971
56977
56984
56987
56992
57015
57022
57023
57038
57044
57046
57048
57064
57065
57075
57090
57105
57114
57132
57135
57167
57168
57169
57173
57176
57199
57209
57215
57217
57223
57237
57239
57244
57256
57264
57271
57295
57297
57297
57309
57310
57311
57317
57350
57360
57363
57438
57444
57458
57464
57468
57478
57525
57548
57563
57568
57574
57577
57601
57611
57612
57622
57633
57655
57660
57661
57681
57688
57698
57709
57727
57728
57735
57741
57741
57751
57781
57790
57820
57832
57846
57847
57874
57881
57882
57896
57925
57960
57995
57995
58016
58024
58051
58060
58064
58066
58077
58083
58100
58103
58104
58123
58125
58155
58173
58180
58181
58201
58213
58230
58235
58255
58264
58265
58267
58273
58277
58307
58348
58421
58428
58464
58491
58501
58516
58517
58525
58528
58528
58536
58556
58557
58571
58590
58629
58630
58647
58650
58669
58695
58707
58714
58743
58748
58764
58783
58792
58798
58802
58803
58830
58839
58852
58855
58855
58861
58871
58873
58882
58888
58890
58891
58893
58897
58909
58926
58927
58937
58938
58939
58947
58967
58974
58983
58989
58995
59003
59010
59038
59058
59073
59080
59088
59103
59105
59135
59152
59156
59160
59166
59174
59174
59188
59195
59197
59210
59216
59222
59248
59278
59279
59311
59336
59343
59348
59360
59369
59376
59378
59382
59388
59418
59419
59421
59428
59429
59452
59453
59455
59485
59496
59501
59548
59548
59549
59554
59585
59589
59594
59595
59601
59609
59610
59621
59623
59640
59653
59658
59666
59674
59679
59680
59682
59685
59687
59707
59720
59723
59729
59734
59734
59739
59767
59781
59786
59786
59789
59794
59801
59810
59812
59834
59839
59848
59860
59860
59860
59871
59904
59906
59921
59936
59939
59949
59960
59988
59991
59991
59995
60020
60026
60040
60045
60053
60064
60065
60079
60143
60144
60145
60152
60184
60200
60226
60228
60264
60267
60267
60301
60304
60328
60340
60342
60344
60353
60354
60356
60387
60408
60418
60418
60434
60437
60440
60457
60464
60465
60468
60486
60487
60488
60495
60504
60522
60532
60545
60565
60565
60572
60585
60586
60589
60591
60596
60598
60599
60612
60613
60615
60633
60651
60658
60665
60673
60698
60700
60706
60717
60717
60729
60745
60756
60761
60767
60768
60789
60795
60842
60846
60847
60852
60871
60875
60881
60890
60898
60902
60908
60909
60914
60915
60923
60924
60932
60961
60964
60965
60970
60986
60998
61004
61034
61036
61083
61089
61104
61109
61114
61137
61152
61156
61192
61200
61202
61205
61205
61214
61215
61226
61228
61229
61263
61263
61273
61304
61327
61337
61340
61341
61366
61379
61384
61384
61386
61392
61396
61401
61405
61430
61433
61434
61437
61445
61449
61481
61488
61491
61491
61518
61534
61534
61534
61536
61546
61563
61575
61580
61587
61589
61593
61598
61621
61627
61653
61665
61667
61669
61669
61669
61680
61689
61705
61715
61728
61730
61736
61777
61782
61785
61786
61787
61799
61799
61803
61812
61816
61823
61829
61833
61834
61838
61846
61847
61853
61858
61868
61877
61881
61883
61937
61943
62022
62037
62055
62068
62069
62072
62077
62104
62105
62108
62108
62120
62121
62128
62131
62134
62147
62151
62156
62165
62172
62178
62180
62194
62233
62246
62252
62253
62256
62266
62273
62273
62279
62280
62303
62307
62361
62371
62380
62383
62400
62417
62423
62431
62453
62453
62483
62491
62542
62563
62596
62597
62622
62640
62648
62661
62667
62677
62679
62680
62683
62688
62699
62703
62704
62725
62730
62732
62734
62735
62744
62745
62766
62773
62779
62802
62805
62817
62842
62860
62861
62863
62863
62864
62878
62879
62893
62893
62895
62919
62932
62935
62943
62946
62955
62981
62984
62986
62997
63014
63016
63027
63041
63051
63085
63091
63118
63129
63137
63143
63148
63149
63164
63164
63173
63176
63178
63182
63185
63186
63204
63205
63210
63214
63215
63217
63268
63273
63277
63278
63283
63284
63307
63311
63348
63350
63364
63383
63397
63402
63407
63417
63486
63489
63491
63499
63499
63513
63516
63526
63537
63543
63563
63592
63635
63643
63650
63650
63656
63674
63702
63704
63729
63733
63742
63743
63743
63756
63759
63762
63763
63776
63791
63792
63801
63828
63830
63863
63863
63869
63886
63905
63907
63914
63929
63932
63937
63981
63987
63992
64001
64014
64020
64045
64047
64076
64077
64096
64104
64130
64153
64158
64160
64178
64179
64182
64185
64188
64210
64214
64234
64235
64266
64268
64280
64292
64293
64320
64331
64334
64335
64356
64360
64385
64389
64406
64426
64439
64442
64469
64479
64480
64486
64501
64505
64520
64538
64541
64548
64552
64574
64584
64601
64631
64632
64637
64649
64687
64689
64700
64707
64707
64708
64715
64725
64725
64768
64782
64807
64821
64846
64854
64863
64882
64928
64939
64964
65005
65016
65047
65051
65059
65071
65086
65100
65110
65111
65111
65152
65152
65156
65159
65160
65167
65172
65190
65202
65238
65241
65243
65248
65251
65289
65289
65296
65308
65309
65314
65320
65329
65335
65336
65350
65351
65376
65390
65397
65400
65401
65430
65432
65435
65439
65455
65467
65489
65492
65505
65511
65515
65520
65534
65538
65538
65542
65544
65557
65557
65567
65582
65602
65604
65612
65614
65633
65636
65649
65649
65655
65662
65669
65686
65693
65721
65749
65751
65751
65758
65777
65792
65795
65806
65811
65836
65840
65862
65870
65873
65885
65922
65927
65929
65933
65941
65947
65955
65961
65973
65984
65993
65997
65999
66008
66014
66017
66021
66029
66037
66056
66057
66059
66059
66060
66078
66079
66081
66083
66088
66089
66095
66132
66142
66145
66146
66168
66170
66182
66192
66209
66210
66216
66216
66218
66238
66257
66263
66277
66283
66299
66307
66309
66329
66331
66358
66359
66360
66362
66363
66382
66382
66382
66384
66384
66386
66389
66393
66408
66409
66410
66413
66414
66416
66427
66432
66439
66440
66441
66461
66479
66479
66498
66507
66511
66516
66518
66534
66553
66553
66559
66565
66566
66568
66582
66625
66638
66638
66638
66650
66650
66659
66661
66720
66729
66729
66736
66741
66752
66754
66762
66777
66779
66785
66786
66798
66803
66806
66815
66856
66859
66869
66874
66876
66877
66884
66889
66890
66908
66910
66919
66925
66927
66934
66942
66943
66960
66970
66984
67009
67010
67022
67025
67028
67042
67054
67058
67060
67063
67073
67080
67083
67084
67115
67142
67144
67150
67151
67165
67170
67173
67186
67195
67200
67204
67205
67207
67218
67230
67262
67266
67268
67287
67292
67297
67303
67308
67310
67311
67311
67311
67314
67317
67323
67331
67360
67382
67383
67457
67462
67479
67483
67488
67491
67494
67511
67527
67538
67559
67560
67572
67591
67605
67614
67628
67631
67638
67644
67659
67663
67678
67712
67746
67780
67781
67783
67794
67802
67812
67818
67820
67821
67827
67833
67845
67849
67852
67858
67866
67870
67886
67892
67932
67959
67961
67966
67987
67997
67998
68001
68006
68016
68020
68029
68030
68039
68080
68087
68091
68121
68153
68155
68161
68172
68178
68191
68193
68205
68219
68249
68254
68256
68258
68264
68276
68281
68286
68293
68294
68308
68313
68345
68346
68351
68353
68371
68384
68397
68414
68428
68440
68441
68444
68459
68493
68509
68515
68520
68522
68524
68529
68538
68541
68541
68547
68556
68564
68569
68572
68578
68598
68599
68609
68612
68613
68614
68617
68627
68632
68634
68636
68649
68668
68679
68689
68690
68693
68701
68702
68707
68708
68712
68748
68751
68757
68767
68771
68774
68777
68777
68817
68826
68845
68845
68851
68853
68853
68854
68857
68884
68907
68908
68908
68911
68913
68917
68922
68931
68931
68941
68949
68961
68966
68967
68967
68970
68978
68992
69008
69022
69049
69050
69053
69058
69060
69068
69081
69083
69092
69102
69114
69119
69127
69127
69143
69150
69153
69177
69183
69197
69199
69202
69211
69237
69254
69269
69276
69290
69309
69329
69329
69336
69341
69342
69361
69365
69373
69382
69397
69410
69411
69424
69443
69480
69487
69496
69513
69527
69538
69547
69551
69580
69589
69612
69644
69647
69661
69670
69673
69704
69724
69728
69745
69765
69818
69828
69851
69869
69876
69893
69903
69914
69918
69942
69951
69958
69961
69988
69992
69994
70008
70029
70033
70037
70043
70043
70057
70065
70082
70084
70089
70095
70099
70099
70101
70110
70121
70125
70130
70133
70145
70146
70146
70151
70176
70181
70183
70184
70187
70194
70205
70206
70212
70231
70240
70241
70246
70270
70281
70288
70289
70290
70292
70299
70305
70315
70332
70342
70354
70365
70371
70376
70419
70440
70446
70469
70470
70484
70493
70499
70513
70515
70535
70542
70545
70546
70562
70582
70613
70614
70646
70647
70650
70663
70671
70676
70680
70682
70698
70699
70699
70713
70724
70736
70737
70770
70794
70798
70819
70830
70836
70839
70841
70841
70849
70861
70863
70866
70866
70872
70885
70885
70887
70902
70909
70910
70943
70944
70952
70960
70961
71015
71020
71022
71028
71031
71042
71044
71049
71068
71091
71093
71096
71097
71101
71102
71118
71134
71153
71155
71162
71189
71205
71205
71206
71225
71244
71253
71259
71259
71262
71296
71305
71327
71348
71365
71372
71376
71382
71387
71388
71396
71411
71412
71421
71427
71454
71456
71463
71488
71494
71496
71502
71508
71511
71513
71519
71521
71522
71529
71534
71559
71563
71565
71570
71572
71583
71596
71603
71604
71637
71640
71640
71647
71660
71674
71676
71710
71731
71732
71733
71734
71734
71735
71739
71746
71764
71768
71779
71779
71780
71818
71832
71848
71880
71885
71894
71894
71900
71903
71905
71925
71934
71987
72035
72038
72039
72045
72061
72068
72069
72092
72095
72100
72112
72116
72124
72127
72130
72136
72142
72144
72149
72156
72165
72166
72194
72200
72206
72238
72248
72256
72260
72277
72301
72302
72311
72334
72338
72339
72343
72378
72404
72413
72418
72430
72432
72440
72447
72447
72454
72454
72458
72465
72469
72486
72497
72503
72508
72522
72544
72559
72563
72592
72593
72607
72629
72636
72656
72679
72684
72684
72686
72692
72698
72714
72718
72731
72739
72743
72746
72748
72749
72757
72763
72764
72770
72774
72786
72788
72790
72801
72801
72848
72859
72871
72880
72934
72965
72966
72998
73003
73012
73014
73021
73026
73035
73042
73046
73057
73072
73074
73092
73096
73103
73134
73139
73180
73187
73194
73201
73208
73240
73241
73241
73244
73252
73260
73262
73265
73315
73333
73334
73338
73339
73346
73361
73364
73365
73371
73371
73382
73396
73410
73424
73452
73467
73483
73492
73494
73498
73508
73515
73517
73545
73584
73596
73603
73618
73618
73636
73641
73643
73645
73646
73648
73652
73660
73666
73667
73710
73710
73711
73716
73732
73765
73772
73773
73785
73785
73786
73794
73815
73834
73840
73854
73864
73895
73910
73911
73934
73956
73956
73973
73994
74015
74019
74056
74065
74088
74092
74107
74132
74135
74138
74140
74151
74164
74166
74183
74198
74211
74211
74212
74228
74231
74239
74242
74255
74257
74281
74283
74283
74285
74286
74292
74306
74315
74316
74320
74328
74328
74333
74333
74334
74335
74347
74352
74357
74380
74384
74384
74401
74412
74416
74416
74437
74447
74451
74454
74471
74497
74505
74506
74545
74550
74558
74582
74585
74599
74631
74632
74684
74691
74696
74697
74698
74700
74707
74736
74753
74775
74779
74779
74798
74800
74803
74840
74842
74857
74859
74883
74891
74893
74902
74919
74920
74936
74943
74943
74951
74958
74981
75002
75024
75029
75037
75075
75078
75079
75086
75095
75130
75150
75159
75177
75178
75195
75200
75207
75214
75214
75217
75219
75219
75257
75260
75270
75273
75277
75278
75289
75292
75292
75292
75309
75337
75345
75351
75375
75383
75383
75404
75406
75407
75419
75425
75433
75446
75446
75448
75448
75493
75511
75521
75541
75547
75558
75571
75579
75584
75592
75596
75602
75621
75621
75622
75625
75626
75630
75639
75644
75648
75664
75676
75681
75705
75712
75718
75727
75727
75730
75733
75739
75759
75777
75784
75793
75793
75819
75843
75847
75850
75864
75865
75880
75906
75921
75943
75948
75950
75957
75963
75965
75976
75980
75985
75987
75987
75989
75996
75997
76002
76007
76008
76014
76021
76021
76028
76032
76060
76060
76073
76081
76089
76100
76103
76103
76120
76135
76141
76150
76165
76169
76176
76180
76214
76216
76216
76258
76267
76288
76296
76297
76300
76342
76353
76359
76361
76369
76383
76386
76386
76441
76442
76467
76488
76494
76494
76505
76508
76508
76514
76519
76532
76541
76561
76564
76568
76597
76605
76607
76610
76613
76628
76641
76646
76649
76692
76718
76720
76725
76727
76741
76744
76745
76766
76820
76822
76824
76843
76863
76867
76873
76882
76885
76921
76928
76931
76941
76957
76984
76992
76996
76998
77004
77029
77029
77031
77032
77043
77061
77062
77068
77074
77082
77083
77103
77105
77117
77117
77132
77135
77148
77164
77182
77216
77217
77248
77262
77291
77325
77335
77349
77350
77351
77360
77380
77387
77393
77395
77401
77408
77412
77413
77420
77423
77423
77430
77437
77439
77452
77466
77470
77475
77476
77528
77532
77552
77565
77569
77583
77595
77600
77604
77612
77625
77626
77635
77643
77648
77652
77674
77676
77679
77682
77738
77738
77748
77749
77777
77786
77798
77805
77809
77816
77819
77834
77857
77869
77880
77883
77893
77899
77901
77907
77916
77926
77946
77947
77962
77985
78001
78003
78020
78047
78068
78096
78097
78104
78119
78132
78166
78172
78175
78176
78198
78224
78229
78238
78266
78267
78269
78275
78287
78291
78297
78309
78320
78321
78353
78363
78368
78373
78373
78393
78412
78415
78420
78438
78462
78462
78470
78506
78519
78527
78531
78552
78593
78662
78684
78686
78699
78732
78763
78768
78771
78774
78780
78788
78796
78816
78827
78831
78855
78860
78867
78870
78873
78886
78896
78917
78930
78932
78935
78955
78959
78960
78963
79004
79005
79006
79015
79020
79021
79022
79023
79039
79064
79075
79105
79108
79139
79149
79152
79160
79163
79165
79175
79176
79183
79208
79230
79231
79233
79243
79248
79260
79285
79288
79290
79311
79329
79333
79342
79359
79400
79416
79440
79449
79450
79469
79485
79509
79510
79524
79537
79554
79562
79566
79575
79575
79577
79588
79592
79594
79595
79604
79607
79615
79616
79617
79623
79626
79652
79665
79670
79670
79673
79704
79714
79720
79724
79742
79742
79742
79745
79747
79765
79783
79793
79802
79812
79816
79817
79830
79847
79854
79857
79864
79883
79891
79892
79896
79912
79917
79945
79961
79962
79964
79967
79968
79979
79992
79997
80006
80007
80011
80024
80033
80036
80040
80040
80041
80062
80072
80073
80085
80092
80095
80098
80100
80124
80132
80140
80143
80149
80167
80171
80176
80182
80185
80191
80193
80196
80196
80211
80222
80224
80227
80278
80279
80291
80293
80298
80306
80308
80308
80315
80327
80328
80335
80349
80350
80360
80381
80404
80406
80413
80419
80423
80436
80456
80458
80458
80472
80484
80495
80499
80499
80500
80513
80528
80535
80535
80542
80553
80559
80563
80567
80579
80583
80592
80592
80596
80603
80608
80619
80623
80633
80638
80647
80670
80678
80683
80687
80694
80700
80703
80719
80745
80747
80749
80749
80762
80776
80778
80786
80791
80795
80795
80801
80810
80829
80855
80864
80866
80872
80883
80883
80896
80916
80930
80934
80939
80948
80958
80962
80963
80974
80980
80988
80991
80994
81010
81011
81038
81043
81049
81049
81051
81057
81066
81075
81076
81077
81086
81092
81101
81106
81127
81137
81162
81185
81193
81200
81200
81208
81211
81221
81227
81242
81262
81262
81268
81281
81287
81311
81321
81327
81328
81347
81350
81353
81365
81371
81371
81380
81384
81397
81413
81428
81430
81432
81444
81459
81465
81484
81497
81506
81506
81511
81551
81553
81554
81565
81575
81577
81594
81603
81614
81619
81626
81631
81635
81642
81647
81650
81653
81659
81680
81691
81694
81695
81711
81717
81724
81730
81735
81738
81741
81743
81745
81756
81757
81760
81761
81761
81767
81779
81789
81817
81840
81873
81874
81886
81890
81894
81895
81910
81916
81920
81937
81944
81950
81950
81981
81994
81994
81996
81999
82007
82010
82021
82033
82037
82041
82046
82050
82064
82080
82087
82101
82110
82113
82134
82136
82138
82145
82159
82166
82183
82194
82196
82203
82211
82239
82253
82254
82256
82260
82266
82271
82279
82282
82293
82310
82310
82313
82319
82353
82356
82359
82360
82364
82376
82385
82389
82391
82405
82415
82416
82421
82427
82441
82445
82466
82467
82479
82481
82495
82496
82500
82503
82545
82556
82578
82587
82602
82608
82614
82614
82621
82627
82629
82629
82632
82634
82642
82647
82649
82658
82660
82663
82670
82670
82681
82683
82722
82731
82743
82752
82767
82773
82781
82799
82807
82826
82832
82846
82853
82856
82859
82877
82880
82908
82910
82910
82924
82938
82944
82946
82947
82958
82966
82976
82983
82986
82987
82997
83013
83018
83027
83051
83051
83058
83067
83071
83075
83101
83113
83126
83129
83148
83155
83206
83215
83241
83248
83253
83257
83262
83262
83297
83313
83314
83324
83330
83330
83331
83333
83338
83367
83379
83386
83394
83434
83470
83500
83529
83531
83535
83537
83550
83565
83586
83611
83625
83631
83649
83658
83663
83682
83690
83693
83693
83703
83718
83733
83761
83762
83765
83766
83768
83769
83773
83777
83781
83782
83788
83823
83830
83833
83854
83859
83883
83887
83898
83910
83960
83975
83976
84000
84002
84013
84057
84061
84074
84087
84106
84117
84122
84137
84144
84150
84150
84188
84188
84189
84194
84215
84239
84239
84246
84285
84339
84350
84358
84363
84368
84369
84378
84406
84414
84417
84525
84529
84542
84552
84552
84565
84579
84601
84640
84644
84648
84652
84667
84671
84672
84684
84700
84702
84731
84744
84771
84802
84807
84810
84824
84856
84857
84861
84871
84879
84884
84891
84896
84900
84903
84910
84920
84921
84927
84931
84948
84951
84962
84964
84981
84996
85008
85011
85013
85019
85019
85040
85062
85068
85085
85094
85120
85129
85135
85135
85139
85149
85154
85156
85161
85165
85170
85172
85174
85183
85209
85216
85223
85230
85233
85233
85236
85239
85246
85248
85255
85255
85258
85265
85269
85285
85292
85295
85319
85326
85333
85336
85341
85350
85363
85381
85422
85434
85436
85440
85442
85454
85482
85501
85522
85528
85533
85545
85550
85560
85566
85572
85595
85612
85613
85619
85624
85631
85633
85652
85661
85667
85674
85676
85691
85693
85698
85703
85705
85718
85724
85742
85753
85759
85763
85767
85770
85772
85774
85776
85797
85805
85809
85814
85821
85832
85856
85868
85880
85882
85901
85920
85931
85935
85945
85949
85958
85974
86009
86012
86014
86015
86024
86032
86033
86036
86041
86047
86048
86049
86058
86060
86062
86084
86105
86106
86114
86128
86151
86154
86165
86176
86180
86181
86192
86199
86205
86228
86234
86255
86258
86265
86277
86285
86295
86301
86303
86306
86308
86317
86322
86324
86325
86337
86339
86340
86355
86364
86366
86376
86381
86398
86400
86403
86411
86442
86443
86448
86449
86460
86467
86483
86490
86492
86492
86495
86495
86519
86522
86524
86544
86554
86576
86578
86587
86606
86609
86626
86667
86684
86687
86694
86702
86704
86708
86713
86719
86722
86723
86724
86751
86753
86760
86762
86777
86786
86816
86848
86871
86892
86926
86927
86930
86938
86952
86955
86962
86972
86977
86982
87022
87023
87028
87036
87038
87063
87074
87078
87080
87093
87096
87104
87121
87125
87128
87131
87153
87169
87183
87188
87207
87220
87225
87231
87240
87241
87245
87259
87264
87266
87267
87271
87288
87296
87298
87310
87311
87320
87322
87324
87331
87348
87352
87354
87370
87384
87385
87401
87405
87411
87419
87426
87429
87439
87465
87465
87468
87473
87485
87495
87500
87504
87511
87518
87526
87533
87544
87545
87546
87548
87562
87568
87580
87614
87619
87619
87623
87624
87641
87662
87663
87676
87688
87690
87740
87741
87750
87759
87764
87770
87776
87778
87791
87797
87800
87810
87819
87819
87828
87836
87842
87849
87861
87866
87868
87881
87888
87900
87900
87915
87940
87950
87953
87957
87975
87982
87995
88005
88041
88046
88046
88048
88058
88082
88098
88110
88132
88135
88159
88164
88164
88179
88184
88186
88202
88207
88222
88224
88235
88242
88303
88313
88329
88330
88355
88373
88380
88398
88403
88413
88427
88429
88450
88455
88482
88496
88499
88502
88509
88510
88514
88514
88539
88541
88549
88555
88585
88585
88585
88597
88602
88610
88629
88644
88644
88655
88658
88692
88694
88714
88725
88727
88736
88737
88738
88739
88741
88753
88789
88794
88811
88823
88825
88829
88829
88854
88857
88869
88881
88899
88914
88926
88926
88929
88951
88958
88969
88978
88985
88999
89004
89022
89022
89023
89023
89027
89032
89035
89041
89043
89046
89061
89067
89078
89088
89089
89114
89119
89120
89133
89142
89145
89152
89170
89182
89190
89190
89215
89231
89235
89238
89250
89252
89271
89277
89281
89291
89296
89301
89316
89327
89330
89335
89343
89367
89381
89388
89388
89393
89405
89443
89470
89473
89488
89489
89503
89516
89521
89524
89525
89526
89533
89535
89547
89548
89600
89634
89636
89640
89643
89662
89662
89663
89687
89687
89691
89707
89722
89767
89783
89785
89786
89788
89792
89805
89810
89827
89868
89888
89896
89900
89905
89917
89919
89959
89969
89975
89980
89980
89982
89998
90019
90024
90045
90048
90056
90056
90060
90062
90071
90076
90083
90104
90122
90141
90179
90180
90197
90206
90213
90217
90222
90285
90314
90320
90324
90373
90385
90412
90428
90434
90435
90446
90450
90459
90468
90468
90494
90500
90504
90523
90536
90571
90571
90578
90579
90590
90595
90596
90601
90606
90622
90644
90648
90661
90674
90683
90686
90690
90700
90707
90708
90711
90738
90755
90758
90785
90788
90788
90793
90797
90822
90836
90860
90861
90874
90885
90905
90907
90909
90930
90947
90952
91022
91032
91036
91068
91082
91106
91107
91112
91115
91132
91137
91145
91151
91205
91205
91206
91209
91216
91230
91231
91247
91261
91267
91278
91281
91289
91294
91309
91309
91316
91322
91332
91351
91352
91366
91373
91379
91383
91390
91421
91427
91429
91435
91442
91456
91471
91483
91491
91508
91509
91516
91546
91554
91558
91565
91569
91571
91572
91573
91590
91606
91611
91627
91628
91644
91653
91672
91678
91717
91734
91738
91772
91800
91808
91829
91830
91852
91855
91861
91870
91881
91915
91919
91919
91929
91935
91972
91976
91993
91997
92005
92027
92029
92047
92053
92075
92082
92085
92090
92096
92148
92157
92161
92167
92173
92190
92200
92202
92203
92204
92205
92216
92216
92224
92237
92240
92244
92245
92251
92252
92257
92265
92267
92294
92304
92318
92331
92343
92351
92366
92366
92369
92373
92381
92389
92423
92451
92452
92459
92467
92496
92503
92512
92513
92525
92545
92581
92589
92613
92617
92625
92631
92633
92652
92666
92671
92675
92676
92687
92690
92702
92720
92732
92734
92769
92809
92814
92816
92825
92834
92837
92840
92876
92886
92901
92902
92905
92938
92947
92962
92968
92983
92983
92989
93003
93004
93008
93019
93022
93023
93045
93050
93056
93063
93064
93066
93066
93083
93087
93093
93093
93157
93157
93160
93172
93182
93233
93238
93242
93247
93273
93284
93287
93292
93311
93321
93350
93373
93373
93375
93385
93391
93392
93393
93404
93456
93459
93492
93494
93502
93504
93505
93511
93517
93520
93525
93537
93543
93546
93587
93605
93612
93614
93616
93622
93624
93641
93646
93655
93660
93670
93672
93675
93676
93692
93703
93706
93707
93710
93742
93756
93772
93781
93795
93810
93814
93831
93836
93839
93841
93842
93844
93851
93857
93859
93879
93885
93895
93896
93910
93910
93911
93913
93913
93916
93944
93961
93962
93968
93986
93990
93992
93999
94023
94026
94028
94029
94034
94059
94078
94080
94080
94091
94110
94116
94120
94132
94134
94158
94164
94165
94166
94171
94174
94175
94180
94180
94182
94183
94187
94188
94191
94192
94196
94208
94212
94212
94224
94245
94252
94298
94299
94305
94332
94350
94354
94367
94386
94399
94438
94440
94449
94453
94460
94464
94466
94468
94476
94485
94492
94492
94503
94509
94510
94523
94543
94548
94557
94591
94601
94620
94626
94638
94639
94656
94667
94676
94711
94724
94724
94745
94750
94755
94758
94768
94769
94781
94783
94803
94822
94845
94849
94858
94861
94867
94868
94899
94900
94929
94940
94952
94959
94966
94967
94971
94972
94974
94975
94978
94988
95004
95023
95031
95031
95033
95038
95046
95050
95070
95085
95088
95097
95098
95100
95121
95121
95122
95123
95156
95171
95178
95187
95194
95194
95218
95233
95235
95251
95254
95270
95272
95298
95316
95340
95346
95361
95369
95371
95401
95403
95406
95410
95413
95437
95451
95455
95478
95483
95492
95498
95512
95560
95577
95589
95592
95593
95618
95625
95636
95644
95651
95662
95665
95668
95669
95673
95682
95691
95694
95699
95717
95724
95725
95726
95726
95740
95755
95758
95764
95787
95809
95813
95829
95832
95854
95861
95861
95862
95869
95871
95884
95893
95896
95919
95928
95958
95963
95977
95977
95988
95991
96019
96026
96036
96046
96068
96076
96087
96099
96109
96110
96114
96137
96162
96177
96190
96191
96195
96220
96233
96249
96256
96279
96287
96323
96361
96365
96381
96403
96414
96426
96427
96431
96443
96444
96491
96497
96515
96521
96538
96548
96552
96554
96567
96572
96573
96574
96596
96603
96618
96641
96650
96653
96663
96669
96669
96671
96671
96682
96691
96730
96752
96769
96773
96773
96783
96807
96810
96811
96811
96812
96826
96829
96838
96839
96849
96858
96871
96872
96876
96887
96897
96907
96911
96932
96954
96961
96970
96997
97013
97027
97031
97051
97055
97056
97068
97091
97120
97126
97130
97131
97131
97135
97162
97164
97177
97181
97191
97193
97203
97214
97219
97228
97229
97249
97264
97273
97294
97296
97313
97324
97345
97375
97387
97390
97412
97417
97418
97432
97441
97448
97465
97477
97477
97493
97512
97519
97552
97564
97570
97598
97610
97620
97624
97661
97688
97689
97694
97704
97705
97720
97727
97757
97758
97760
97764
97788
97791
97804
97836
97861
97873
97883
97896
97919
97919
97919
97929
97936
97942
97951
97965
97982
97991
97993
98005
98014
98017
98020
98044
98057
98060
98064
98103
98109
98115
98125
98126
98128
98129
98142
98149
98163
98168
98175
98192
98206
98219
98231
98232
98237
98244
98249
98259
98282
98315
98316
98325
98346
98368
98392
98415
98416
98426
98429
98432
98435
98439
98444
98472
98479
98495
98500
98504
98514
98517
98517
98517
98532
98552
98555
98578
98580
98580
98594
98600
98611
98629
98636
98641
98645
98657
98665
98676
98696
98705
98746
98767
98788
98809
98811
98819
98839
98852
98852
98859
98871
98883
98892
98900
98908
98930
98938
98943
98945
98947
98958
98976
98985
98985
98985
98992
99001
99005
99010
99012
99016
99016
99021
99027
99064
99077
99086
99103
99108
99113
99116
99122
99164
99181
99190
99195
99202
99217
99230
99240
99257
99281
99292
99300
99305
99311
99314
99328
99339
99358
99368
99388
99395
99396
99405
99429
99439
99442
99446
99472
99489
99497
99505
99505
99527
99560
99562
99583
99587
99595
99604
99623
99623
99627
99630
99654
99660
99678
99698
99719
99729
99740
99749
99752
99771
99774
99776
99776
99787
99802
99806
99807
99820
99828
99831
99836
99840
99840
99848
99865
99873
99880
99885
99886
99909
99914
99936
99954
99978
99981
99985
99997