3
6
8
19
21
25
25
30
66
102
104
106
138
152
153
171
172
174
185
193
199
206
207
212
213
243
244
247
257
260
277
282
289
306
306
311
318
339
349
355
356
359
391
392
403
413
442
454
463
469
482
489
490
503
515
519
534
535
547
560
586
627
628
631
636
636
637
652
658
682
683
691
699
706
714
721
722
727
749
753
760
783
784
807
817
822
838
844
852
854
855
856
857
860
861
865
872
891
900
920
927
951
959
970
981
985
986
1009
1012
1015
1021
1023
1032
1041
1062
1063
1080
1089
1091
1100
1101
1109
1131
1143
1159
1170
1175
1177
1177
1190
1206
1222
1229
1238
1270
1277
1296
1305
1326
1333
1344
1349
1351
1383
1386
1386
1398
1406
1408
1417
1425
1426
1444
1453
1454
1455
1461
1469
1473
1475
1477
1480
1487
1511
1513
1520
1522
1530
1533
1541
1541
1549
1571
1593
1600
1600
1601
1619
1633
1639
1649
1659
1659
1660
1667
1671
1709
1712
1715
1716
1763
1769
1770
1785
1786
1790
1791
1818
1869
1881
1953
1953
1954
1960
1961
1968
1974
1997
2003
2006
2006
2012
2019
2039
2040
2047
2055
2086
2093
2100
2109
2111
2130
2152
2163
2163
2163
2165
2167
2172
2179
2184
2188
2192
2218
2224
2244
2245
2269
2277
2287
2292
2296
2308
2352
2356
2399
2413
2467
2478
2479
2500
2511
2533
2534
2538
2547
2551
2580
2588
2611
2615
2641
2642
2683
2707
2711
2718
2720
2727
2744
2746
2763
2778
2779
2805
2807
2809
2815
2830
2837
2838
2854
2857
2862
2873
2873
2877
2878
2925
2925
2927
2977
2988
2991
2994
3002
3007
3016
3029
3038
3041
3056
3059
3077
3091
3113
3131
3136
3137
3170
3175
3189
3191
3201
3205
3205
3218
3231
3235
3239
3246
3260
3263
3279
3287
3287
3289
3307
3315
3331
3335
3348
3348
3355
3363
3375
3378
3380
3412
3414
3429
3434
3434
3458
3460
3471
3503
3504
3520
3521
3529
3531
3537
3554
3573
3575
3577
3579
3601
3604
3626
3634
3634
3636
3638
3640
3668
3676
3686
3695
3702
3717
3738
3742
3756
3758
3788
3790
3796
3805
3818
3822
3840
3849
3888
3889
3899
3902
3924
3927
3929
3950
3951
3952
3973
3976
3978
3988
4000
4008
4039
4048
4049
4067
4075
4100
4114
4135
4149
4151
4154
4193
4205
4209
4212
4214
4220
4232
4236
4247
4248
4251
4255
4265
4268
4271
4279
4290
4345
4373
4373
4373
4392
4393
4396
4403
4411
4411
4418
4426
4441
4445
4446
4454
4456
4457
4464
4469
4486
4526
4536
4537
4556
4580
4583
4599
4606
4614
4634
4645
4649
4651
4652
4670
4676
4683
4712
4730
4738
4739
4750
4751
4758
4770
4782
4793
4794
4818
4820
4845
4845
4872
4874
4878
4882
4912
4924
4945
4950
4953
4969
4976
5010
5031
5044
5049
5067
5068
5070
5075
5080
5084
5091
5094
5102
5112
5113
5115
5117
5124
5126
5133
5135
5142
5148
5149
5154
5166
5173
5180
5188
5194
5212
5223
5233
5235
5248
5258
5274
5280
5302
5304
5311
5328
5348
5350
5352
5370
5389
5419
5422
5453
5460
5469
5484
5495
5522
5556
5556
5581
5614
5623
5625
5629
5631
5639
5644
5645
5649
5672
5686
5694
5716
5740
5811
5814
5815
5822
5834
5840
5845
5853
5855
5870
5876
5877
5915
5932
5958
5965
5975
5975
5986
5989
6013
6021
6028
6039
6041
6044
6044
6052
6064
6064
6095
6104
6110
6113
6121
6140
6140
6142
6156
6172
6205
6216
6241
6257
6260
6274
6276
6279
6285
6302
6318
6329
6347
6353
6368
6376
6382
6385
6394
6401
6409
6417
6437
6445
6472
6476
6486
6498
6501
6529
6567
6590
6597
6606
6611
6616
6617
6650
6655
6664
6673
6678
6678
6683
6684
6694
6726
6747
6756
6768
6769
6774
6789
6791
6794
6806
6816
6817
6855
6855
6859
6862
6872
6882
6884
6886
6905
6920
6920
6930
6957
6960
6960
6969
6974
6980
6995
7012
7013
7014
7017
7026
7034
7043
7047
7049
7052
7070
7076
7088
7114
7165
7170
7205
7210
7212
7240
7241
7245
7246
7251
7252
7273
7309
7338
7347
7361
7362
7368
7372
7380
7397
7402
7404
7416
7421
7422
7428
7439
7444
7445
7446
7452
7465
7474
7478
7485
7486
7496
7519
7535
7538
7574
7582
7584
7597
7619
7640
7648
7652
7663
7668
7672
7679
7696
7697
7697
7701
7721
7725
7725
7728
7732
7733
7735
7738
7743
7755
7756
7757
7758
7760
7760
7784
7790
7793
7818
7839
7845
7846
7851
7853
7865
7900
7913
7921
7929
7944
7949
7968
7987
7993
7995
8011
8013
8058
8063
8078
8084
8093
8097
8101
8130
8145
8148
8156
8168
8170
8191
8193
8196
8205
8219
8228
8231
8242
8263
8267
8275
8289
8290
8322
8337
8372
8377
8382
8409
8413
8415
8416
8417
8429
8464
8474
8475
8491
8492
8497
8503
8509
8516
8531
8567
8586
8595
8600
8604
8615
8623
8624
8635
8644
8650
8663
8664
8667
8674
8675
8677
8683
8695
8698
8707
8709
8730
8731
8738
8742
8745
8751
8765
8773
8779
8786
8789
8792
8809
8824
8828
8846
8852
8868
8876
8889
8889
8901
8913
8917
8917
8923
8923
8925
8936
8942
8946
8946
8946
8951
8964
8996
9012
9014
9015
9017
9022
9024
9029
9031
9043
9048
9063
9065
9085
9089
9105
9111
9120
9125
9145
9148
9158
9192
9204
9206
9231
9231
9241
9246
9252
9253
9254
9254
9255
9259
9260
9261
9263
9270
9283
9288
9305
9323
9325
9334
9345
9346
9354
9365
9371
9373
9380
9402
9416
9424
9441
9442
9476
9488
9502
9507
9523
9546
9553
9558
9559
9575
9576
9578
9593
9606
9606
9621
9638
9641
9664
9672
9677
9681
9683
9699
9703
9708
9758
9762
9779
9785
9785
9789
9802
9810
9830
9831
9844
9855
9858
9871
9871
9888
9901
9904
9915
9965
9965
9982
9996