This is pdfTeX, Version 3.141592653-2.6-1.40.24 (TeX Live 2022) (preloaded format=pdflatex 2023.1.27)  30 JAN 2023 13:41
entering extended mode
 restricted \write18 enabled.
 file:line:error style messages enabled.
 %&-line parsing enabled.
**"c:/Users/mariu/OneDrive/Dokumenter/uio greier/IN1000/IN1150/Obliger/Innlevering0.tex"
(c:/Users/mariu/OneDrive/Dokumenter/uio greier/IN1000/IN1150/Obliger/Innlevering0.tex
LaTeX2e <2022-11-01> patch level 1
L3 programming layer <2023-01-24>

! LaTeX Error: File `innlevering.cls' not found.

Type X to quit or <RETURN> to proceed,
or enter new name. (Default extension: cls)

Enter file name: 
c:/Users/mariu/OneDrive/Dokumenter/uio greier/IN1000/IN1150/Obliger/Innlevering0.tex:3: Emergency stop.
<read *> 
         
l.3 ^^M
       
*** (cannot \read from terminal in nonstop modes)

 
Here is how much of TeX's memory you used:
 24 strings out of 476065
 714 string characters out of 5795020
 1849299 words of memory out of 5000000
 20530 multiletter control sequences out of 15000+600000
 512287 words of font info for 32 fonts, out of 8000000 for 9000
 1141 hyphenation exceptions out of 8191
 19i,0n,29p,121b,17s stack positions out of 10000i,1000n,20000p,200000b,200000s
c:/Users/mariu/OneDrive/Dokumenter/uio greier/IN1000/IN1150/Obliger/Innlevering0.tex:3:  ==> Fatal error occurred, no output PDF file produced!
